scikit-learn-0.22.1/
scikit-learn-0.22.1/.binder/
scikit-learn-0.22.1/.binder/postBuild
scikit-learn-0.22.1/.binder/requirements.txt
scikit-learn-0.22.1/.circleci/
scikit-learn-0.22.1/.circleci/artifact_path
scikit-learn-0.22.1/.circleci/config.yml
scikit-learn-0.22.1/.codecov.yml
scikit-learn-0.22.1/.coveragerc
scikit-learn-0.22.1/.gitattributes
scikit-learn-0.22.1/.gitignore
scikit-learn-0.22.1/.landscape.yml
scikit-learn-0.22.1/.mailmap
scikit-learn-0.22.1/.travis.yml
scikit-learn-0.22.1/CONTRIBUTING.md
scikit-learn-0.22.1/COPYING
scikit-learn-0.22.1/ISSUE_TEMPLATE.md
scikit-learn-0.22.1/MANIFEST.in
scikit-learn-0.22.1/Makefile
scikit-learn-0.22.1/PULL_REQUEST_TEMPLATE.md
scikit-learn-0.22.1/README.rst
scikit-learn-0.22.1/azure-pipelines.yml
scikit-learn-0.22.1/benchmarks/
scikit-learn-0.22.1/benchmarks/.gitignore
scikit-learn-0.22.1/benchmarks/bench_20newsgroups.py
scikit-learn-0.22.1/benchmarks/bench_covertype.py
scikit-learn-0.22.1/benchmarks/bench_feature_expansions.py
scikit-learn-0.22.1/benchmarks/bench_glm.py
scikit-learn-0.22.1/benchmarks/bench_glmnet.py
scikit-learn-0.22.1/benchmarks/bench_hist_gradient_boosting.py
scikit-learn-0.22.1/benchmarks/bench_hist_gradient_boosting_higgsboson.py
scikit-learn-0.22.1/benchmarks/bench_isolation_forest.py
scikit-learn-0.22.1/benchmarks/bench_isotonic.py
scikit-learn-0.22.1/benchmarks/bench_lasso.py
scikit-learn-0.22.1/benchmarks/bench_lof.py
scikit-learn-0.22.1/benchmarks/bench_mnist.py
scikit-learn-0.22.1/benchmarks/bench_multilabel_metrics.py
scikit-learn-0.22.1/benchmarks/bench_plot_fastkmeans.py
scikit-learn-0.22.1/benchmarks/bench_plot_incremental_pca.py
scikit-learn-0.22.1/benchmarks/bench_plot_lasso_path.py
scikit-learn-0.22.1/benchmarks/bench_plot_neighbors.py
scikit-learn-0.22.1/benchmarks/bench_plot_nmf.py
scikit-learn-0.22.1/benchmarks/bench_plot_omp_lars.py
scikit-learn-0.22.1/benchmarks/bench_plot_parallel_pairwise.py
scikit-learn-0.22.1/benchmarks/bench_plot_randomized_svd.py
scikit-learn-0.22.1/benchmarks/bench_plot_svd.py
scikit-learn-0.22.1/benchmarks/bench_plot_ward.py
scikit-learn-0.22.1/benchmarks/bench_random_projections.py
scikit-learn-0.22.1/benchmarks/bench_rcv1_logreg_convergence.py
scikit-learn-0.22.1/benchmarks/bench_saga.py
scikit-learn-0.22.1/benchmarks/bench_sample_without_replacement.py
scikit-learn-0.22.1/benchmarks/bench_sgd_regression.py
scikit-learn-0.22.1/benchmarks/bench_sparsify.py
scikit-learn-0.22.1/benchmarks/bench_text_vectorizers.py
scikit-learn-0.22.1/benchmarks/bench_tree.py
scikit-learn-0.22.1/benchmarks/bench_tsne_mnist.py
scikit-learn-0.22.1/benchmarks/plot_tsne_mnist.py
scikit-learn-0.22.1/build_tools/
scikit-learn-0.22.1/build_tools/Makefile
scikit-learn-0.22.1/build_tools/azure/
scikit-learn-0.22.1/build_tools/azure/install.cmd
scikit-learn-0.22.1/build_tools/azure/install.sh
scikit-learn-0.22.1/build_tools/azure/posix-32.yml
scikit-learn-0.22.1/build_tools/azure/posix.yml
scikit-learn-0.22.1/build_tools/azure/test_docs.sh
scikit-learn-0.22.1/build_tools/azure/test_pytest_soft_dependency.sh
scikit-learn-0.22.1/build_tools/azure/test_script.cmd
scikit-learn-0.22.1/build_tools/azure/test_script.sh
scikit-learn-0.22.1/build_tools/azure/upload_codecov.cmd
scikit-learn-0.22.1/build_tools/azure/upload_codecov.sh
scikit-learn-0.22.1/build_tools/azure/windows.yml
scikit-learn-0.22.1/build_tools/circle/
scikit-learn-0.22.1/build_tools/circle/build_doc.sh
scikit-learn-0.22.1/build_tools/circle/build_test_pypy.sh
scikit-learn-0.22.1/build_tools/circle/checkout_merge_commit.sh
scikit-learn-0.22.1/build_tools/circle/linting.sh
scikit-learn-0.22.1/build_tools/circle/list_versions.py
scikit-learn-0.22.1/build_tools/circle/push_doc.sh
scikit-learn-0.22.1/build_tools/generate_authors_table.py
scikit-learn-0.22.1/build_tools/travis/
scikit-learn-0.22.1/build_tools/travis/after_success.sh
scikit-learn-0.22.1/build_tools/travis/install.sh
scikit-learn-0.22.1/build_tools/travis/test_docs.sh
scikit-learn-0.22.1/build_tools/travis/test_pytest_soft_dependency.sh
scikit-learn-0.22.1/build_tools/travis/test_script.sh
scikit-learn-0.22.1/build_tools/travis/travis_fastfail.sh
scikit-learn-0.22.1/conftest.py
scikit-learn-0.22.1/doc/
scikit-learn-0.22.1/doc/Makefile
scikit-learn-0.22.1/doc/README.md
scikit-learn-0.22.1/doc/about.rst
scikit-learn-0.22.1/doc/authors.rst
scikit-learn-0.22.1/doc/authors_emeritus.rst
scikit-learn-0.22.1/doc/binder/
scikit-learn-0.22.1/doc/binder/requirements.txt
scikit-learn-0.22.1/doc/conf.py
scikit-learn-0.22.1/doc/conftest.py
scikit-learn-0.22.1/doc/contents.rst
scikit-learn-0.22.1/doc/data_transforms.rst
scikit-learn-0.22.1/doc/datasets/
scikit-learn-0.22.1/doc/datasets/index.rst
scikit-learn-0.22.1/doc/developers/
scikit-learn-0.22.1/doc/developers/advanced_installation.rst
scikit-learn-0.22.1/doc/developers/contributing.rst
scikit-learn-0.22.1/doc/developers/develop.rst
scikit-learn-0.22.1/doc/developers/index.rst
scikit-learn-0.22.1/doc/developers/maintainer.rst
scikit-learn-0.22.1/doc/developers/performance.rst
scikit-learn-0.22.1/doc/developers/plotting.rst
scikit-learn-0.22.1/doc/developers/tips.rst
scikit-learn-0.22.1/doc/developers/utilities.rst
scikit-learn-0.22.1/doc/faq.rst
scikit-learn-0.22.1/doc/getting_started.rst
scikit-learn-0.22.1/doc/glossary.rst
scikit-learn-0.22.1/doc/governance.rst
scikit-learn-0.22.1/doc/images/
scikit-learn-0.22.1/doc/images/anaconda-small.png
scikit-learn-0.22.1/doc/images/anaconda.png
scikit-learn-0.22.1/doc/images/axa-small.png
scikit-learn-0.22.1/doc/images/axa.png
scikit-learn-0.22.1/doc/images/bcg-small.png
scikit-learn-0.22.1/doc/images/bcg.png
scikit-learn-0.22.1/doc/images/bnp-small.png
scikit-learn-0.22.1/doc/images/bnp.png
scikit-learn-0.22.1/doc/images/cds-logo.png
scikit-learn-0.22.1/doc/images/columbia-small.png
scikit-learn-0.22.1/doc/images/dataiku-small.png
scikit-learn-0.22.1/doc/images/dataiku.png
scikit-learn-0.22.1/doc/images/dysco.png
scikit-learn-0.22.1/doc/images/fnrs-logo-small.png
scikit-learn-0.22.1/doc/images/fujitsu-small.png
scikit-learn-0.22.1/doc/images/fujitsu.png
scikit-learn-0.22.1/doc/images/google-small.png
scikit-learn-0.22.1/doc/images/grid_search_cross_validation.png
scikit-learn-0.22.1/doc/images/grid_search_workflow.png
scikit-learn-0.22.1/doc/images/inria-logo.jpg
scikit-learn-0.22.1/doc/images/inria-small.png
scikit-learn-0.22.1/doc/images/intel-small.png
scikit-learn-0.22.1/doc/images/intel.png
scikit-learn-0.22.1/doc/images/iris.pdf
scikit-learn-0.22.1/doc/images/iris.svg
scikit-learn-0.22.1/doc/images/last_digit.png
scikit-learn-0.22.1/doc/images/lda_model_graph.png
scikit-learn-0.22.1/doc/images/microsoft-small.png
scikit-learn-0.22.1/doc/images/microsoft.png
scikit-learn-0.22.1/doc/images/ml_map.png
scikit-learn-0.22.1/doc/images/multilayerperceptron_network.png
scikit-learn-0.22.1/doc/images/no_image.png
scikit-learn-0.22.1/doc/images/nvidia-small.png
scikit-learn-0.22.1/doc/images/nvidia.png
scikit-learn-0.22.1/doc/images/nyu_short_color.png
scikit-learn-0.22.1/doc/images/plot_digits_classification.png
scikit-learn-0.22.1/doc/images/plot_face_recognition_1.png
scikit-learn-0.22.1/doc/images/plot_face_recognition_2.png
scikit-learn-0.22.1/doc/images/png-logo-inria-la-fondation.png
scikit-learn-0.22.1/doc/images/rbm_graph.png
scikit-learn-0.22.1/doc/images/scikit-learn-logo-notext.png
scikit-learn-0.22.1/doc/images/scikit-learn-logo-small.png
scikit-learn-0.22.1/doc/images/sloan_banner.png
scikit-learn-0.22.1/doc/images/sloan_logo-small.png
scikit-learn-0.22.1/doc/images/sydney-stacked-small.png
scikit-learn-0.22.1/doc/images/telecom-small.png
scikit-learn-0.22.1/doc/includes/
scikit-learn-0.22.1/doc/includes/big_toc_css.rst
scikit-learn-0.22.1/doc/includes/bigger_toc_css.rst
scikit-learn-0.22.1/doc/inspection.rst
scikit-learn-0.22.1/doc/install.rst
scikit-learn-0.22.1/doc/logos/
scikit-learn-0.22.1/doc/logos/favicon.ico
scikit-learn-0.22.1/doc/logos/identity.pdf
scikit-learn-0.22.1/doc/logos/scikit-learn-logo-notext.png
scikit-learn-0.22.1/doc/logos/scikit-learn-logo-small.png
scikit-learn-0.22.1/doc/logos/scikit-learn-logo-thumb.png
scikit-learn-0.22.1/doc/logos/scikit-learn-logo.bmp
scikit-learn-0.22.1/doc/logos/scikit-learn-logo.png
scikit-learn-0.22.1/doc/logos/scikit-learn-logo.svg
scikit-learn-0.22.1/doc/make.bat
scikit-learn-0.22.1/doc/model_selection.rst
scikit-learn-0.22.1/doc/modules/
scikit-learn-0.22.1/doc/modules/biclustering.rst
scikit-learn-0.22.1/doc/modules/calibration.rst
scikit-learn-0.22.1/doc/modules/classes.rst
scikit-learn-0.22.1/doc/modules/clustering.rst
scikit-learn-0.22.1/doc/modules/compose.rst
scikit-learn-0.22.1/doc/modules/computing.rst
scikit-learn-0.22.1/doc/modules/covariance.rst
scikit-learn-0.22.1/doc/modules/cross_decomposition.rst
scikit-learn-0.22.1/doc/modules/cross_validation.rst
scikit-learn-0.22.1/doc/modules/decomposition.rst
scikit-learn-0.22.1/doc/modules/density.rst
scikit-learn-0.22.1/doc/modules/ensemble.rst
scikit-learn-0.22.1/doc/modules/feature_extraction.rst
scikit-learn-0.22.1/doc/modules/feature_selection.rst
scikit-learn-0.22.1/doc/modules/gaussian_process.rst
scikit-learn-0.22.1/doc/modules/glm_data/
scikit-learn-0.22.1/doc/modules/glm_data/lasso_enet_coordinate_descent.png
scikit-learn-0.22.1/doc/modules/grid_search.rst
scikit-learn-0.22.1/doc/modules/impute.rst
scikit-learn-0.22.1/doc/modules/isotonic.rst
scikit-learn-0.22.1/doc/modules/kernel_approximation.rst
scikit-learn-0.22.1/doc/modules/kernel_ridge.rst
scikit-learn-0.22.1/doc/modules/label_propagation.rst
scikit-learn-0.22.1/doc/modules/lda_qda.rst
scikit-learn-0.22.1/doc/modules/learning_curve.rst
scikit-learn-0.22.1/doc/modules/linear_model.rst
scikit-learn-0.22.1/doc/modules/manifold.rst
scikit-learn-0.22.1/doc/modules/metrics.rst
scikit-learn-0.22.1/doc/modules/mixture.rst
scikit-learn-0.22.1/doc/modules/model_evaluation.rst
scikit-learn-0.22.1/doc/modules/model_persistence.rst
scikit-learn-0.22.1/doc/modules/multiclass.rst
scikit-learn-0.22.1/doc/modules/naive_bayes.rst
scikit-learn-0.22.1/doc/modules/neighbors.rst
scikit-learn-0.22.1/doc/modules/neural_networks_supervised.rst
scikit-learn-0.22.1/doc/modules/neural_networks_unsupervised.rst
scikit-learn-0.22.1/doc/modules/outlier_detection.rst
scikit-learn-0.22.1/doc/modules/partial_dependence.rst
scikit-learn-0.22.1/doc/modules/permutation_importance.rst
scikit-learn-0.22.1/doc/modules/pipeline.rst
scikit-learn-0.22.1/doc/modules/preprocessing.rst
scikit-learn-0.22.1/doc/modules/preprocessing_targets.rst
scikit-learn-0.22.1/doc/modules/random_projection.rst
scikit-learn-0.22.1/doc/modules/sgd.rst
scikit-learn-0.22.1/doc/modules/svm.rst
scikit-learn-0.22.1/doc/modules/tree.rst
scikit-learn-0.22.1/doc/modules/unsupervised_reduction.rst
scikit-learn-0.22.1/doc/preface.rst
scikit-learn-0.22.1/doc/presentations.rst
scikit-learn-0.22.1/doc/related_projects.rst
scikit-learn-0.22.1/doc/roadmap.rst
scikit-learn-0.22.1/doc/sphinxext/
scikit-learn-0.22.1/doc/sphinxext/MANIFEST.in
scikit-learn-0.22.1/doc/sphinxext/custom_references_resolver.py
scikit-learn-0.22.1/doc/sphinxext/github_link.py
scikit-learn-0.22.1/doc/sphinxext/sphinx_issues.py
scikit-learn-0.22.1/doc/supervised_learning.rst
scikit-learn-0.22.1/doc/support.rst
scikit-learn-0.22.1/doc/templates/
scikit-learn-0.22.1/doc/templates/class.rst
scikit-learn-0.22.1/doc/templates/class_with_call.rst
scikit-learn-0.22.1/doc/templates/class_without_init.rst
scikit-learn-0.22.1/doc/templates/deprecated_class.rst
scikit-learn-0.22.1/doc/templates/deprecated_class_with_call.rst
scikit-learn-0.22.1/doc/templates/deprecated_class_without_init.rst
scikit-learn-0.22.1/doc/templates/deprecated_function.rst
scikit-learn-0.22.1/doc/templates/documentation.html
scikit-learn-0.22.1/doc/templates/function.rst
scikit-learn-0.22.1/doc/templates/generate_deprecated.sh
scikit-learn-0.22.1/doc/templates/index.html
scikit-learn-0.22.1/doc/templates/numpydoc_docstring.rst
scikit-learn-0.22.1/doc/testimonials/
scikit-learn-0.22.1/doc/testimonials/README.txt
scikit-learn-0.22.1/doc/testimonials/images/
scikit-learn-0.22.1/doc/testimonials/images/Makefile
scikit-learn-0.22.1/doc/testimonials/images/aweber.png
scikit-learn-0.22.1/doc/testimonials/images/bestofmedia-logo.png
scikit-learn-0.22.1/doc/testimonials/images/betaworks.png
scikit-learn-0.22.1/doc/testimonials/images/birchbox.jpg
scikit-learn-0.22.1/doc/testimonials/images/booking.png
scikit-learn-0.22.1/doc/testimonials/images/change-logo.png
scikit-learn-0.22.1/doc/testimonials/images/dataiku_logo.png
scikit-learn-0.22.1/doc/testimonials/images/datapublica.png
scikit-learn-0.22.1/doc/testimonials/images/datarobot.png
scikit-learn-0.22.1/doc/testimonials/images/evernote.png
scikit-learn-0.22.1/doc/testimonials/images/howaboutwe.png
scikit-learn-0.22.1/doc/testimonials/images/huggingface.png
scikit-learn-0.22.1/doc/testimonials/images/infonea.jpg
scikit-learn-0.22.1/doc/testimonials/images/inria.png
scikit-learn-0.22.1/doc/testimonials/images/jpmorgan.png
scikit-learn-0.22.1/doc/testimonials/images/lovely.png
scikit-learn-0.22.1/doc/testimonials/images/machinalis.png
scikit-learn-0.22.1/doc/testimonials/images/mars.png
scikit-learn-0.22.1/doc/testimonials/images/okcupid.png
scikit-learn-0.22.1/doc/testimonials/images/ottogroup_logo.png
scikit-learn-0.22.1/doc/testimonials/images/peerindex.png
scikit-learn-0.22.1/doc/testimonials/images/phimeca.png
scikit-learn-0.22.1/doc/testimonials/images/rangespan.png
scikit-learn-0.22.1/doc/testimonials/images/solido_logo.png
scikit-learn-0.22.1/doc/testimonials/images/spotify.png
scikit-learn-0.22.1/doc/testimonials/images/telecomparistech.jpg
scikit-learn-0.22.1/doc/testimonials/images/yhat.png
scikit-learn-0.22.1/doc/testimonials/images/zopa.png
scikit-learn-0.22.1/doc/testimonials/testimonials.rst
scikit-learn-0.22.1/doc/themes/
scikit-learn-0.22.1/doc/themes/scikit-learn-modern/
scikit-learn-0.22.1/doc/themes/scikit-learn-modern/javascript.html
scikit-learn-0.22.1/doc/themes/scikit-learn-modern/layout.html
scikit-learn-0.22.1/doc/themes/scikit-learn-modern/nav.html
scikit-learn-0.22.1/doc/themes/scikit-learn-modern/search.html
scikit-learn-0.22.1/doc/themes/scikit-learn-modern/static/
scikit-learn-0.22.1/doc/themes/scikit-learn-modern/static/css/
scikit-learn-0.22.1/doc/themes/scikit-learn-modern/static/css/theme.css
scikit-learn-0.22.1/doc/themes/scikit-learn-modern/static/css/vendor/
scikit-learn-0.22.1/doc/themes/scikit-learn-modern/static/css/vendor/bootstrap.min.css
scikit-learn-0.22.1/doc/themes/scikit-learn-modern/static/js/
scikit-learn-0.22.1/doc/themes/scikit-learn-modern/static/js/searchtools.js
scikit-learn-0.22.1/doc/themes/scikit-learn-modern/static/js/vendor/
scikit-learn-0.22.1/doc/themes/scikit-learn-modern/static/js/vendor/bootstrap.min.js
scikit-learn-0.22.1/doc/themes/scikit-learn-modern/theme.conf
scikit-learn-0.22.1/doc/themes/scikit-learn/
scikit-learn-0.22.1/doc/themes/scikit-learn/layout.html
scikit-learn-0.22.1/doc/themes/scikit-learn/static/
scikit-learn-0.22.1/doc/themes/scikit-learn/static/ML_MAPS_README.rst
scikit-learn-0.22.1/doc/themes/scikit-learn/static/css/
scikit-learn-0.22.1/doc/themes/scikit-learn/static/css/bootstrap-responsive.css
scikit-learn-0.22.1/doc/themes/scikit-learn/static/css/bootstrap-responsive.min.css
scikit-learn-0.22.1/doc/themes/scikit-learn/static/css/bootstrap.css
scikit-learn-0.22.1/doc/themes/scikit-learn/static/css/bootstrap.min.css
scikit-learn-0.22.1/doc/themes/scikit-learn/static/css/examples.css
scikit-learn-0.22.1/doc/themes/scikit-learn/static/img/
scikit-learn-0.22.1/doc/themes/scikit-learn/static/img/FNRS-logo.png
scikit-learn-0.22.1/doc/themes/scikit-learn/static/img/columbia.png
scikit-learn-0.22.1/doc/themes/scikit-learn/static/img/digicosme.png
scikit-learn-0.22.1/doc/themes/scikit-learn/static/img/forkme.png
scikit-learn-0.22.1/doc/themes/scikit-learn/static/img/glyphicons-halflings-white.png
scikit-learn-0.22.1/doc/themes/scikit-learn/static/img/glyphicons-halflings.png
scikit-learn-0.22.1/doc/themes/scikit-learn/static/img/google.png
scikit-learn-0.22.1/doc/themes/scikit-learn/static/img/inria-small.jpg
scikit-learn-0.22.1/doc/themes/scikit-learn/static/img/inria-small.png
scikit-learn-0.22.1/doc/themes/scikit-learn/static/img/nyu_short_color.png
scikit-learn-0.22.1/doc/themes/scikit-learn/static/img/plot_classifier_comparison_1.png
scikit-learn-0.22.1/doc/themes/scikit-learn/static/img/plot_manifold_sphere_1.png
scikit-learn-0.22.1/doc/themes/scikit-learn/static/img/scikit-learn-logo-notext.png
scikit-learn-0.22.1/doc/themes/scikit-learn/static/img/scikit-learn-logo-small.png
scikit-learn-0.22.1/doc/themes/scikit-learn/static/img/scikit-learn-logo.png
scikit-learn-0.22.1/doc/themes/scikit-learn/static/img/scikit-learn-logo.svg
scikit-learn-0.22.1/doc/themes/scikit-learn/static/img/sloan_logo.jpg
scikit-learn-0.22.1/doc/themes/scikit-learn/static/img/sydney-primary.jpeg
scikit-learn-0.22.1/doc/themes/scikit-learn/static/img/sydney-stacked.jpeg
scikit-learn-0.22.1/doc/themes/scikit-learn/static/img/telecom.png
scikit-learn-0.22.1/doc/themes/scikit-learn/static/jquery.js
scikit-learn-0.22.1/doc/themes/scikit-learn/static/jquery.maphilight.js
scikit-learn-0.22.1/doc/themes/scikit-learn/static/jquery.maphilight.min.js
scikit-learn-0.22.1/doc/themes/scikit-learn/static/js/
scikit-learn-0.22.1/doc/themes/scikit-learn/static/js/bootstrap.js
scikit-learn-0.22.1/doc/themes/scikit-learn/static/js/bootstrap.min.js
scikit-learn-0.22.1/doc/themes/scikit-learn/static/js/copybutton.js
scikit-learn-0.22.1/doc/themes/scikit-learn/static/js/extra.js
scikit-learn-0.22.1/doc/themes/scikit-learn/static/nature.css_t
scikit-learn-0.22.1/doc/themes/scikit-learn/theme.conf
scikit-learn-0.22.1/doc/tune_toc.rst
scikit-learn-0.22.1/doc/tutorial/
scikit-learn-0.22.1/doc/tutorial/basic/
scikit-learn-0.22.1/doc/tutorial/basic/tutorial.rst
scikit-learn-0.22.1/doc/tutorial/common_includes/
scikit-learn-0.22.1/doc/tutorial/common_includes/info.txt
scikit-learn-0.22.1/doc/tutorial/index.rst
scikit-learn-0.22.1/doc/tutorial/machine_learning_map/
scikit-learn-0.22.1/doc/tutorial/machine_learning_map/ML_MAPS_README.txt
scikit-learn-0.22.1/doc/tutorial/machine_learning_map/index.rst
scikit-learn-0.22.1/doc/tutorial/machine_learning_map/parse_path.py
scikit-learn-0.22.1/doc/tutorial/machine_learning_map/pyparsing.py
scikit-learn-0.22.1/doc/tutorial/machine_learning_map/svg2imagemap.py
scikit-learn-0.22.1/doc/tutorial/statistical_inference/
scikit-learn-0.22.1/doc/tutorial/statistical_inference/finding_help.rst
scikit-learn-0.22.1/doc/tutorial/statistical_inference/index.rst
scikit-learn-0.22.1/doc/tutorial/statistical_inference/model_selection.rst
scikit-learn-0.22.1/doc/tutorial/statistical_inference/putting_together.rst
scikit-learn-0.22.1/doc/tutorial/statistical_inference/settings.rst
scikit-learn-0.22.1/doc/tutorial/statistical_inference/supervised_learning.rst
scikit-learn-0.22.1/doc/tutorial/statistical_inference/unsupervised_learning.rst
scikit-learn-0.22.1/doc/tutorial/text_analytics/
scikit-learn-0.22.1/doc/tutorial/text_analytics/.gitignore
scikit-learn-0.22.1/doc/tutorial/text_analytics/data/
scikit-learn-0.22.1/doc/tutorial/text_analytics/data/languages/
scikit-learn-0.22.1/doc/tutorial/text_analytics/data/languages/fetch_data.py
scikit-learn-0.22.1/doc/tutorial/text_analytics/data/movie_reviews/
scikit-learn-0.22.1/doc/tutorial/text_analytics/data/movie_reviews/fetch_data.py
scikit-learn-0.22.1/doc/tutorial/text_analytics/data/twenty_newsgroups/
scikit-learn-0.22.1/doc/tutorial/text_analytics/data/twenty_newsgroups/fetch_data.py
scikit-learn-0.22.1/doc/tutorial/text_analytics/skeletons/
scikit-learn-0.22.1/doc/tutorial/text_analytics/skeletons/exercise_01_language_train_model.py
scikit-learn-0.22.1/doc/tutorial/text_analytics/skeletons/exercise_02_sentiment.py
scikit-learn-0.22.1/doc/tutorial/text_analytics/solutions/
scikit-learn-0.22.1/doc/tutorial/text_analytics/solutions/exercise_01_language_train_model.py
scikit-learn-0.22.1/doc/tutorial/text_analytics/solutions/exercise_02_sentiment.py
scikit-learn-0.22.1/doc/tutorial/text_analytics/solutions/generate_skeletons.py
scikit-learn-0.22.1/doc/tutorial/text_analytics/working_with_text_data.rst
scikit-learn-0.22.1/doc/unsupervised_learning.rst
scikit-learn-0.22.1/doc/user_guide.rst
scikit-learn-0.22.1/doc/visualizations.rst
scikit-learn-0.22.1/doc/whats_new.rst
scikit-learn-0.22.1/doc/whats_new/
scikit-learn-0.22.1/doc/whats_new/_contributors.rst
scikit-learn-0.22.1/doc/whats_new/changelog_legend.inc
scikit-learn-0.22.1/doc/whats_new/older_versions.rst
scikit-learn-0.22.1/doc/whats_new/v0.13.rst
scikit-learn-0.22.1/doc/whats_new/v0.14.rst
scikit-learn-0.22.1/doc/whats_new/v0.15.rst
scikit-learn-0.22.1/doc/whats_new/v0.16.rst
scikit-learn-0.22.1/doc/whats_new/v0.17.rst
scikit-learn-0.22.1/doc/whats_new/v0.18.rst
scikit-learn-0.22.1/doc/whats_new/v0.19.rst
scikit-learn-0.22.1/doc/whats_new/v0.20.rst
scikit-learn-0.22.1/doc/whats_new/v0.21.rst
scikit-learn-0.22.1/doc/whats_new/v0.22.rst
scikit-learn-0.22.1/examples/
scikit-learn-0.22.1/examples/.flake8
scikit-learn-0.22.1/examples/README.txt
scikit-learn-0.22.1/examples/applications/
scikit-learn-0.22.1/examples/applications/README.txt
scikit-learn-0.22.1/examples/applications/plot_face_recognition.py
scikit-learn-0.22.1/examples/applications/plot_model_complexity_influence.py
scikit-learn-0.22.1/examples/applications/plot_out_of_core_classification.py
scikit-learn-0.22.1/examples/applications/plot_outlier_detection_housing.py
scikit-learn-0.22.1/examples/applications/plot_prediction_latency.py
scikit-learn-0.22.1/examples/applications/plot_species_distribution_modeling.py
scikit-learn-0.22.1/examples/applications/plot_stock_market.py
scikit-learn-0.22.1/examples/applications/plot_tomography_l1_reconstruction.py
scikit-learn-0.22.1/examples/applications/plot_topics_extraction_with_nmf_lda.py
scikit-learn-0.22.1/examples/applications/svm_gui.py
scikit-learn-0.22.1/examples/applications/wikipedia_principal_eigenvector.py
scikit-learn-0.22.1/examples/bicluster/
scikit-learn-0.22.1/examples/bicluster/README.txt
scikit-learn-0.22.1/examples/bicluster/plot_bicluster_newsgroups.py
scikit-learn-0.22.1/examples/bicluster/plot_spectral_biclustering.py
scikit-learn-0.22.1/examples/bicluster/plot_spectral_coclustering.py
scikit-learn-0.22.1/examples/calibration/
scikit-learn-0.22.1/examples/calibration/README.txt
scikit-learn-0.22.1/examples/calibration/plot_calibration.py
scikit-learn-0.22.1/examples/calibration/plot_calibration_curve.py
scikit-learn-0.22.1/examples/calibration/plot_calibration_multiclass.py
scikit-learn-0.22.1/examples/calibration/plot_compare_calibration.py
scikit-learn-0.22.1/examples/classification/
scikit-learn-0.22.1/examples/classification/README.txt
scikit-learn-0.22.1/examples/classification/plot_classification_probability.py
scikit-learn-0.22.1/examples/classification/plot_classifier_comparison.py
scikit-learn-0.22.1/examples/classification/plot_digits_classification.py
scikit-learn-0.22.1/examples/classification/plot_lda.py
scikit-learn-0.22.1/examples/classification/plot_lda_qda.py
scikit-learn-0.22.1/examples/cluster/
scikit-learn-0.22.1/examples/cluster/README.txt
scikit-learn-0.22.1/examples/cluster/plot_adjusted_for_chance_measures.py
scikit-learn-0.22.1/examples/cluster/plot_affinity_propagation.py
scikit-learn-0.22.1/examples/cluster/plot_agglomerative_clustering.py
scikit-learn-0.22.1/examples/cluster/plot_agglomerative_clustering_metrics.py
scikit-learn-0.22.1/examples/cluster/plot_agglomerative_dendrogram.py
scikit-learn-0.22.1/examples/cluster/plot_birch_vs_minibatchkmeans.py
scikit-learn-0.22.1/examples/cluster/plot_cluster_comparison.py
scikit-learn-0.22.1/examples/cluster/plot_cluster_iris.py
scikit-learn-0.22.1/examples/cluster/plot_coin_segmentation.py
scikit-learn-0.22.1/examples/cluster/plot_coin_ward_segmentation.py
scikit-learn-0.22.1/examples/cluster/plot_color_quantization.py
scikit-learn-0.22.1/examples/cluster/plot_dbscan.py
scikit-learn-0.22.1/examples/cluster/plot_dict_face_patches.py
scikit-learn-0.22.1/examples/cluster/plot_digits_agglomeration.py
scikit-learn-0.22.1/examples/cluster/plot_digits_linkage.py
scikit-learn-0.22.1/examples/cluster/plot_face_compress.py
scikit-learn-0.22.1/examples/cluster/plot_feature_agglomeration_vs_univariate_selection.py
scikit-learn-0.22.1/examples/cluster/plot_inductive_clustering.py
scikit-learn-0.22.1/examples/cluster/plot_kmeans_assumptions.py
scikit-learn-0.22.1/examples/cluster/plot_kmeans_digits.py
scikit-learn-0.22.1/examples/cluster/plot_kmeans_silhouette_analysis.py
scikit-learn-0.22.1/examples/cluster/plot_kmeans_stability_low_dim_dense.py
scikit-learn-0.22.1/examples/cluster/plot_linkage_comparison.py
scikit-learn-0.22.1/examples/cluster/plot_mean_shift.py
scikit-learn-0.22.1/examples/cluster/plot_mini_batch_kmeans.py
scikit-learn-0.22.1/examples/cluster/plot_optics.py
scikit-learn-0.22.1/examples/cluster/plot_segmentation_toy.py
scikit-learn-0.22.1/examples/cluster/plot_ward_structured_vs_unstructured.py
scikit-learn-0.22.1/examples/compose/
scikit-learn-0.22.1/examples/compose/README.txt
scikit-learn-0.22.1/examples/compose/plot_column_transformer.py
scikit-learn-0.22.1/examples/compose/plot_column_transformer_mixed_types.py
scikit-learn-0.22.1/examples/compose/plot_compare_reduction.py
scikit-learn-0.22.1/examples/compose/plot_digits_pipe.py
scikit-learn-0.22.1/examples/compose/plot_feature_union.py
scikit-learn-0.22.1/examples/compose/plot_transformed_target.py
scikit-learn-0.22.1/examples/covariance/
scikit-learn-0.22.1/examples/covariance/README.txt
scikit-learn-0.22.1/examples/covariance/plot_covariance_estimation.py
scikit-learn-0.22.1/examples/covariance/plot_lw_vs_oas.py
scikit-learn-0.22.1/examples/covariance/plot_mahalanobis_distances.py
scikit-learn-0.22.1/examples/covariance/plot_robust_vs_empirical_covariance.py
scikit-learn-0.22.1/examples/covariance/plot_sparse_cov.py
scikit-learn-0.22.1/examples/cross_decomposition/
scikit-learn-0.22.1/examples/cross_decomposition/README.txt
scikit-learn-0.22.1/examples/cross_decomposition/plot_compare_cross_decomposition.py
scikit-learn-0.22.1/examples/datasets/
scikit-learn-0.22.1/examples/datasets/README.txt
scikit-learn-0.22.1/examples/datasets/plot_digits_last_image.py
scikit-learn-0.22.1/examples/datasets/plot_iris_dataset.py
scikit-learn-0.22.1/examples/datasets/plot_random_dataset.py
scikit-learn-0.22.1/examples/datasets/plot_random_multilabel_dataset.py
scikit-learn-0.22.1/examples/decomposition/
scikit-learn-0.22.1/examples/decomposition/README.txt
scikit-learn-0.22.1/examples/decomposition/plot_beta_divergence.py
scikit-learn-0.22.1/examples/decomposition/plot_faces_decomposition.py
scikit-learn-0.22.1/examples/decomposition/plot_ica_blind_source_separation.py
scikit-learn-0.22.1/examples/decomposition/plot_ica_vs_pca.py
scikit-learn-0.22.1/examples/decomposition/plot_image_denoising.py
scikit-learn-0.22.1/examples/decomposition/plot_incremental_pca.py
scikit-learn-0.22.1/examples/decomposition/plot_kernel_pca.py
scikit-learn-0.22.1/examples/decomposition/plot_pca_3d.py
scikit-learn-0.22.1/examples/decomposition/plot_pca_iris.py
scikit-learn-0.22.1/examples/decomposition/plot_pca_vs_fa_model_selection.py
scikit-learn-0.22.1/examples/decomposition/plot_pca_vs_lda.py
scikit-learn-0.22.1/examples/decomposition/plot_sparse_coding.py
scikit-learn-0.22.1/examples/ensemble/
scikit-learn-0.22.1/examples/ensemble/README.txt
scikit-learn-0.22.1/examples/ensemble/plot_adaboost_hastie_10_2.py
scikit-learn-0.22.1/examples/ensemble/plot_adaboost_multiclass.py
scikit-learn-0.22.1/examples/ensemble/plot_adaboost_regression.py
scikit-learn-0.22.1/examples/ensemble/plot_adaboost_twoclass.py
scikit-learn-0.22.1/examples/ensemble/plot_bias_variance.py
scikit-learn-0.22.1/examples/ensemble/plot_ensemble_oob.py
scikit-learn-0.22.1/examples/ensemble/plot_feature_transformation.py
scikit-learn-0.22.1/examples/ensemble/plot_forest_importances.py
scikit-learn-0.22.1/examples/ensemble/plot_forest_importances_faces.py
scikit-learn-0.22.1/examples/ensemble/plot_forest_iris.py
scikit-learn-0.22.1/examples/ensemble/plot_gradient_boosting_early_stopping.py
scikit-learn-0.22.1/examples/ensemble/plot_gradient_boosting_oob.py
scikit-learn-0.22.1/examples/ensemble/plot_gradient_boosting_quantile.py
scikit-learn-0.22.1/examples/ensemble/plot_gradient_boosting_regression.py
scikit-learn-0.22.1/examples/ensemble/plot_gradient_boosting_regularization.py
scikit-learn-0.22.1/examples/ensemble/plot_isolation_forest.py
scikit-learn-0.22.1/examples/ensemble/plot_random_forest_embedding.py
scikit-learn-0.22.1/examples/ensemble/plot_random_forest_regression_multioutput.py
scikit-learn-0.22.1/examples/ensemble/plot_stack_predictors.py
scikit-learn-0.22.1/examples/ensemble/plot_voting_decision_regions.py
scikit-learn-0.22.1/examples/ensemble/plot_voting_probas.py
scikit-learn-0.22.1/examples/ensemble/plot_voting_regressor.py
scikit-learn-0.22.1/examples/exercises/
scikit-learn-0.22.1/examples/exercises/README.txt
scikit-learn-0.22.1/examples/exercises/plot_cv_diabetes.py
scikit-learn-0.22.1/examples/exercises/plot_cv_digits.py
scikit-learn-0.22.1/examples/exercises/plot_digits_classification_exercise.py
scikit-learn-0.22.1/examples/exercises/plot_iris_exercise.py
scikit-learn-0.22.1/examples/feature_selection/
scikit-learn-0.22.1/examples/feature_selection/README.txt
scikit-learn-0.22.1/examples/feature_selection/plot_f_test_vs_mi.py
scikit-learn-0.22.1/examples/feature_selection/plot_feature_selection.py
scikit-learn-0.22.1/examples/feature_selection/plot_feature_selection_pipeline.py
scikit-learn-0.22.1/examples/feature_selection/plot_permutation_test_for_classification.py
scikit-learn-0.22.1/examples/feature_selection/plot_rfe_digits.py
scikit-learn-0.22.1/examples/feature_selection/plot_rfe_with_cross_validation.py
scikit-learn-0.22.1/examples/feature_selection/plot_select_from_model_boston.py
scikit-learn-0.22.1/examples/gaussian_process/
scikit-learn-0.22.1/examples/gaussian_process/README.txt
scikit-learn-0.22.1/examples/gaussian_process/plot_compare_gpr_krr.py
scikit-learn-0.22.1/examples/gaussian_process/plot_gpc.py
scikit-learn-0.22.1/examples/gaussian_process/plot_gpc_iris.py
scikit-learn-0.22.1/examples/gaussian_process/plot_gpc_isoprobability.py
scikit-learn-0.22.1/examples/gaussian_process/plot_gpc_xor.py
scikit-learn-0.22.1/examples/gaussian_process/plot_gpr_co2.py
scikit-learn-0.22.1/examples/gaussian_process/plot_gpr_noisy.py
scikit-learn-0.22.1/examples/gaussian_process/plot_gpr_noisy_targets.py
scikit-learn-0.22.1/examples/gaussian_process/plot_gpr_on_structured_data.py
scikit-learn-0.22.1/examples/gaussian_process/plot_gpr_prior_posterior.py
scikit-learn-0.22.1/examples/impute/
scikit-learn-0.22.1/examples/impute/README.txt
scikit-learn-0.22.1/examples/impute/plot_iterative_imputer_variants_comparison.py
scikit-learn-0.22.1/examples/impute/plot_missing_values.py
scikit-learn-0.22.1/examples/inspection/
scikit-learn-0.22.1/examples/inspection/README.txt
scikit-learn-0.22.1/examples/inspection/plot_partial_dependence.py
scikit-learn-0.22.1/examples/inspection/plot_permutation_importance.py
scikit-learn-0.22.1/examples/inspection/plot_permutation_importance_multicollinear.py
scikit-learn-0.22.1/examples/linear_model/
scikit-learn-0.22.1/examples/linear_model/README.txt
scikit-learn-0.22.1/examples/linear_model/plot_ard.py
scikit-learn-0.22.1/examples/linear_model/plot_bayesian_ridge.py
scikit-learn-0.22.1/examples/linear_model/plot_bayesian_ridge_curvefit.py
scikit-learn-0.22.1/examples/linear_model/plot_huber_vs_ridge.py
scikit-learn-0.22.1/examples/linear_model/plot_iris_logistic.py
scikit-learn-0.22.1/examples/linear_model/plot_lasso_and_elasticnet.py
scikit-learn-0.22.1/examples/linear_model/plot_lasso_coordinate_descent_path.py
scikit-learn-0.22.1/examples/linear_model/plot_lasso_dense_vs_sparse_data.py
scikit-learn-0.22.1/examples/linear_model/plot_lasso_lars.py
scikit-learn-0.22.1/examples/linear_model/plot_lasso_model_selection.py
scikit-learn-0.22.1/examples/linear_model/plot_logistic.py
scikit-learn-0.22.1/examples/linear_model/plot_logistic_l1_l2_sparsity.py
scikit-learn-0.22.1/examples/linear_model/plot_logistic_multinomial.py
scikit-learn-0.22.1/examples/linear_model/plot_logistic_path.py
scikit-learn-0.22.1/examples/linear_model/plot_multi_task_lasso_support.py
scikit-learn-0.22.1/examples/linear_model/plot_ols.py
scikit-learn-0.22.1/examples/linear_model/plot_ols_3d.py
scikit-learn-0.22.1/examples/linear_model/plot_ols_ridge_variance.py
scikit-learn-0.22.1/examples/linear_model/plot_omp.py
scikit-learn-0.22.1/examples/linear_model/plot_polynomial_interpolation.py
scikit-learn-0.22.1/examples/linear_model/plot_ransac.py
scikit-learn-0.22.1/examples/linear_model/plot_ridge_coeffs.py
scikit-learn-0.22.1/examples/linear_model/plot_ridge_path.py
scikit-learn-0.22.1/examples/linear_model/plot_robust_fit.py
scikit-learn-0.22.1/examples/linear_model/plot_sgd_comparison.py
scikit-learn-0.22.1/examples/linear_model/plot_sgd_early_stopping.py
scikit-learn-0.22.1/examples/linear_model/plot_sgd_iris.py
scikit-learn-0.22.1/examples/linear_model/plot_sgd_loss_functions.py
scikit-learn-0.22.1/examples/linear_model/plot_sgd_penalties.py
scikit-learn-0.22.1/examples/linear_model/plot_sgd_separating_hyperplane.py
scikit-learn-0.22.1/examples/linear_model/plot_sgd_weighted_samples.py
scikit-learn-0.22.1/examples/linear_model/plot_sparse_logistic_regression_20newsgroups.py
scikit-learn-0.22.1/examples/linear_model/plot_sparse_logistic_regression_mnist.py
scikit-learn-0.22.1/examples/linear_model/plot_theilsen.py
scikit-learn-0.22.1/examples/manifold/
scikit-learn-0.22.1/examples/manifold/README.txt
scikit-learn-0.22.1/examples/manifold/plot_compare_methods.py
scikit-learn-0.22.1/examples/manifold/plot_lle_digits.py
scikit-learn-0.22.1/examples/manifold/plot_manifold_sphere.py
scikit-learn-0.22.1/examples/manifold/plot_mds.py
scikit-learn-0.22.1/examples/manifold/plot_swissroll.py
scikit-learn-0.22.1/examples/manifold/plot_t_sne_perplexity.py
scikit-learn-0.22.1/examples/mixture/
scikit-learn-0.22.1/examples/mixture/README.txt
scikit-learn-0.22.1/examples/mixture/plot_concentration_prior.py
scikit-learn-0.22.1/examples/mixture/plot_gmm.py
scikit-learn-0.22.1/examples/mixture/plot_gmm_covariances.py
scikit-learn-0.22.1/examples/mixture/plot_gmm_pdf.py
scikit-learn-0.22.1/examples/mixture/plot_gmm_selection.py
scikit-learn-0.22.1/examples/mixture/plot_gmm_sin.py
scikit-learn-0.22.1/examples/model_selection/
scikit-learn-0.22.1/examples/model_selection/README.txt
scikit-learn-0.22.1/examples/model_selection/grid_search_text_feature_extraction.py
scikit-learn-0.22.1/examples/model_selection/plot_confusion_matrix.py
scikit-learn-0.22.1/examples/model_selection/plot_cv_indices.py
scikit-learn-0.22.1/examples/model_selection/plot_cv_predict.py
scikit-learn-0.22.1/examples/model_selection/plot_grid_search_digits.py
scikit-learn-0.22.1/examples/model_selection/plot_grid_search_refit_callable.py
scikit-learn-0.22.1/examples/model_selection/plot_learning_curve.py
scikit-learn-0.22.1/examples/model_selection/plot_multi_metric_evaluation.py
scikit-learn-0.22.1/examples/model_selection/plot_nested_cross_validation_iris.py
scikit-learn-0.22.1/examples/model_selection/plot_precision_recall.py
scikit-learn-0.22.1/examples/model_selection/plot_randomized_search.py
scikit-learn-0.22.1/examples/model_selection/plot_roc.py
scikit-learn-0.22.1/examples/model_selection/plot_roc_crossval.py
scikit-learn-0.22.1/examples/model_selection/plot_train_error_vs_test_error.py
scikit-learn-0.22.1/examples/model_selection/plot_underfitting_overfitting.py
scikit-learn-0.22.1/examples/model_selection/plot_validation_curve.py
scikit-learn-0.22.1/examples/multioutput/
scikit-learn-0.22.1/examples/multioutput/README.txt
scikit-learn-0.22.1/examples/multioutput/plot_classifier_chain_yeast.py
scikit-learn-0.22.1/examples/neighbors/
scikit-learn-0.22.1/examples/neighbors/README.txt
scikit-learn-0.22.1/examples/neighbors/approximate_nearest_neighbors.py
scikit-learn-0.22.1/examples/neighbors/plot_caching_nearest_neighbors.py
scikit-learn-0.22.1/examples/neighbors/plot_classification.py
scikit-learn-0.22.1/examples/neighbors/plot_digits_kde_sampling.py
scikit-learn-0.22.1/examples/neighbors/plot_kde_1d.py
scikit-learn-0.22.1/examples/neighbors/plot_lof_novelty_detection.py
scikit-learn-0.22.1/examples/neighbors/plot_lof_outlier_detection.py
scikit-learn-0.22.1/examples/neighbors/plot_nca_classification.py
scikit-learn-0.22.1/examples/neighbors/plot_nca_dim_reduction.py
scikit-learn-0.22.1/examples/neighbors/plot_nca_illustration.py
scikit-learn-0.22.1/examples/neighbors/plot_nearest_centroid.py
scikit-learn-0.22.1/examples/neighbors/plot_regression.py
scikit-learn-0.22.1/examples/neighbors/plot_species_kde.py
scikit-learn-0.22.1/examples/neural_networks/
scikit-learn-0.22.1/examples/neural_networks/README.txt
scikit-learn-0.22.1/examples/neural_networks/plot_mlp_alpha.py
scikit-learn-0.22.1/examples/neural_networks/plot_mlp_training_curves.py
scikit-learn-0.22.1/examples/neural_networks/plot_mnist_filters.py
scikit-learn-0.22.1/examples/neural_networks/plot_rbm_logistic_classification.py
scikit-learn-0.22.1/examples/plot_anomaly_comparison.py
scikit-learn-0.22.1/examples/plot_changed_only_pprint_parameter.py
scikit-learn-0.22.1/examples/plot_isotonic_regression.py
scikit-learn-0.22.1/examples/plot_johnson_lindenstrauss_bound.py
scikit-learn-0.22.1/examples/plot_kernel_approximation.py
scikit-learn-0.22.1/examples/plot_kernel_ridge_regression.py
scikit-learn-0.22.1/examples/plot_multilabel.py
scikit-learn-0.22.1/examples/plot_multioutput_face_completion.py
scikit-learn-0.22.1/examples/plot_partial_dependence_visualization_api.py
scikit-learn-0.22.1/examples/plot_roc_curve_visualization_api.py
scikit-learn-0.22.1/examples/preprocessing/
scikit-learn-0.22.1/examples/preprocessing/README.txt
scikit-learn-0.22.1/examples/preprocessing/plot_all_scaling.py
scikit-learn-0.22.1/examples/preprocessing/plot_discretization.py
scikit-learn-0.22.1/examples/preprocessing/plot_discretization_classification.py
scikit-learn-0.22.1/examples/preprocessing/plot_discretization_strategies.py
scikit-learn-0.22.1/examples/preprocessing/plot_function_transformer.py
scikit-learn-0.22.1/examples/preprocessing/plot_map_data_to_normal.py
scikit-learn-0.22.1/examples/preprocessing/plot_scaling_importance.py
scikit-learn-0.22.1/examples/release_highlights/
scikit-learn-0.22.1/examples/release_highlights/README.txt
scikit-learn-0.22.1/examples/release_highlights/plot_release_highlights_0_22_0.py
scikit-learn-0.22.1/examples/semi_supervised/
scikit-learn-0.22.1/examples/semi_supervised/README.txt
scikit-learn-0.22.1/examples/semi_supervised/plot_label_propagation_digits.py
scikit-learn-0.22.1/examples/semi_supervised/plot_label_propagation_digits_active_learning.py
scikit-learn-0.22.1/examples/semi_supervised/plot_label_propagation_structure.py
scikit-learn-0.22.1/examples/semi_supervised/plot_label_propagation_versus_svm_iris.py
scikit-learn-0.22.1/examples/svm/
scikit-learn-0.22.1/examples/svm/README.txt
scikit-learn-0.22.1/examples/svm/plot_custom_kernel.py
scikit-learn-0.22.1/examples/svm/plot_iris_svc.py
scikit-learn-0.22.1/examples/svm/plot_linearsvc_support_vectors.py
scikit-learn-0.22.1/examples/svm/plot_oneclass.py
scikit-learn-0.22.1/examples/svm/plot_rbf_parameters.py
scikit-learn-0.22.1/examples/svm/plot_separating_hyperplane.py
scikit-learn-0.22.1/examples/svm/plot_separating_hyperplane_unbalanced.py
scikit-learn-0.22.1/examples/svm/plot_svm_anova.py
scikit-learn-0.22.1/examples/svm/plot_svm_kernels.py
scikit-learn-0.22.1/examples/svm/plot_svm_margin.py
scikit-learn-0.22.1/examples/svm/plot_svm_nonlinear.py
scikit-learn-0.22.1/examples/svm/plot_svm_regression.py
scikit-learn-0.22.1/examples/svm/plot_svm_scale_c.py
scikit-learn-0.22.1/examples/svm/plot_svm_tie_breaking.py
scikit-learn-0.22.1/examples/svm/plot_weighted_samples.py
scikit-learn-0.22.1/examples/text/
scikit-learn-0.22.1/examples/text/README.txt
scikit-learn-0.22.1/examples/text/plot_document_classification_20newsgroups.py
scikit-learn-0.22.1/examples/text/plot_document_clustering.py
scikit-learn-0.22.1/examples/text/plot_hashing_vs_dict_vectorizer.py
scikit-learn-0.22.1/examples/tree/
scikit-learn-0.22.1/examples/tree/README.txt
scikit-learn-0.22.1/examples/tree/plot_cost_complexity_pruning.py
scikit-learn-0.22.1/examples/tree/plot_iris_dtc.py
scikit-learn-0.22.1/examples/tree/plot_tree_regression.py
scikit-learn-0.22.1/examples/tree/plot_tree_regression_multioutput.py
scikit-learn-0.22.1/examples/tree/plot_unveil_tree_structure.py
scikit-learn-0.22.1/lgtm.yml
scikit-learn-0.22.1/maint_tools/
scikit-learn-0.22.1/maint_tools/check_pxd_in_installation.py
scikit-learn-0.22.1/maint_tools/sort_whats_new.py
scikit-learn-0.22.1/maint_tools/test_docstrings.py
scikit-learn-0.22.1/maint_tools/whats_missing.sh
scikit-learn-0.22.1/setup.cfg
scikit-learn-0.22.1/setup.py
scikit-learn-0.22.1/site.cfg
scikit-learn-0.22.1/sklearn/
scikit-learn-0.22.1/sklearn/__check_build/
scikit-learn-0.22.1/sklearn/__check_build/__init__.py
scikit-learn-0.22.1/sklearn/__check_build/_check_build.pyx
scikit-learn-0.22.1/sklearn/__check_build/setup.py
scikit-learn-0.22.1/sklearn/__init__.py
scikit-learn-0.22.1/sklearn/_build_utils/
scikit-learn-0.22.1/sklearn/_build_utils/__init__.py
scikit-learn-0.22.1/sklearn/_build_utils/deprecated_modules.py
scikit-learn-0.22.1/sklearn/_build_utils/openmp_helpers.py
scikit-learn-0.22.1/sklearn/_build_utils/pre_build_helpers.py
scikit-learn-0.22.1/sklearn/_config.py
scikit-learn-0.22.1/sklearn/_distributor_init.py
scikit-learn-0.22.1/sklearn/_isotonic.pyx
scikit-learn-0.22.1/sklearn/base.py
scikit-learn-0.22.1/sklearn/calibration.py
scikit-learn-0.22.1/sklearn/cluster/
scikit-learn-0.22.1/sklearn/cluster/__init__.py
scikit-learn-0.22.1/sklearn/cluster/_affinity_propagation.py
scikit-learn-0.22.1/sklearn/cluster/_agglomerative.py
scikit-learn-0.22.1/sklearn/cluster/_bicluster.py
scikit-learn-0.22.1/sklearn/cluster/_birch.py
scikit-learn-0.22.1/sklearn/cluster/_dbscan.py
scikit-learn-0.22.1/sklearn/cluster/_dbscan_inner.pyx
scikit-learn-0.22.1/sklearn/cluster/_feature_agglomeration.py
scikit-learn-0.22.1/sklearn/cluster/_hierarchical_fast.pyx
scikit-learn-0.22.1/sklearn/cluster/_k_means_elkan.pyx
scikit-learn-0.22.1/sklearn/cluster/_k_means_fast.pyx
scikit-learn-0.22.1/sklearn/cluster/_kmeans.py
scikit-learn-0.22.1/sklearn/cluster/_mean_shift.py
scikit-learn-0.22.1/sklearn/cluster/_optics.py
scikit-learn-0.22.1/sklearn/cluster/_spectral.py
scikit-learn-0.22.1/sklearn/cluster/setup.py
scikit-learn-0.22.1/sklearn/cluster/tests/
scikit-learn-0.22.1/sklearn/cluster/tests/__init__.py
scikit-learn-0.22.1/sklearn/cluster/tests/common.py
scikit-learn-0.22.1/sklearn/cluster/tests/test_affinity_propagation.py
scikit-learn-0.22.1/sklearn/cluster/tests/test_bicluster.py
scikit-learn-0.22.1/sklearn/cluster/tests/test_birch.py
scikit-learn-0.22.1/sklearn/cluster/tests/test_dbscan.py
scikit-learn-0.22.1/sklearn/cluster/tests/test_feature_agglomeration.py
scikit-learn-0.22.1/sklearn/cluster/tests/test_hierarchical.py
scikit-learn-0.22.1/sklearn/cluster/tests/test_k_means.py
scikit-learn-0.22.1/sklearn/cluster/tests/test_mean_shift.py
scikit-learn-0.22.1/sklearn/cluster/tests/test_optics.py
scikit-learn-0.22.1/sklearn/cluster/tests/test_spectral.py
scikit-learn-0.22.1/sklearn/compose/
scikit-learn-0.22.1/sklearn/compose/__init__.py
scikit-learn-0.22.1/sklearn/compose/_column_transformer.py
scikit-learn-0.22.1/sklearn/compose/_target.py
scikit-learn-0.22.1/sklearn/compose/tests/
scikit-learn-0.22.1/sklearn/compose/tests/__init__.py
scikit-learn-0.22.1/sklearn/compose/tests/test_column_transformer.py
scikit-learn-0.22.1/sklearn/compose/tests/test_target.py
scikit-learn-0.22.1/sklearn/conftest.py
scikit-learn-0.22.1/sklearn/covariance/
scikit-learn-0.22.1/sklearn/covariance/__init__.py
scikit-learn-0.22.1/sklearn/covariance/_elliptic_envelope.py
scikit-learn-0.22.1/sklearn/covariance/_empirical_covariance.py
scikit-learn-0.22.1/sklearn/covariance/_graph_lasso.py
scikit-learn-0.22.1/sklearn/covariance/_robust_covariance.py
scikit-learn-0.22.1/sklearn/covariance/_shrunk_covariance.py
scikit-learn-0.22.1/sklearn/covariance/tests/
scikit-learn-0.22.1/sklearn/covariance/tests/__init__.py
scikit-learn-0.22.1/sklearn/covariance/tests/test_covariance.py
scikit-learn-0.22.1/sklearn/covariance/tests/test_elliptic_envelope.py
scikit-learn-0.22.1/sklearn/covariance/tests/test_graphical_lasso.py
scikit-learn-0.22.1/sklearn/covariance/tests/test_robust_covariance.py
scikit-learn-0.22.1/sklearn/cross_decomposition/
scikit-learn-0.22.1/sklearn/cross_decomposition/__init__.py
scikit-learn-0.22.1/sklearn/cross_decomposition/_cca.py
scikit-learn-0.22.1/sklearn/cross_decomposition/_pls.py
scikit-learn-0.22.1/sklearn/cross_decomposition/tests/
scikit-learn-0.22.1/sklearn/cross_decomposition/tests/__init__.py
scikit-learn-0.22.1/sklearn/cross_decomposition/tests/test_pls.py
scikit-learn-0.22.1/sklearn/datasets/
scikit-learn-0.22.1/sklearn/datasets/__init__.py
scikit-learn-0.22.1/sklearn/datasets/_base.py
scikit-learn-0.22.1/sklearn/datasets/_california_housing.py
scikit-learn-0.22.1/sklearn/datasets/_covtype.py
scikit-learn-0.22.1/sklearn/datasets/_kddcup99.py
scikit-learn-0.22.1/sklearn/datasets/_lfw.py
scikit-learn-0.22.1/sklearn/datasets/_olivetti_faces.py
scikit-learn-0.22.1/sklearn/datasets/_openml.py
scikit-learn-0.22.1/sklearn/datasets/_rcv1.py
scikit-learn-0.22.1/sklearn/datasets/_samples_generator.py
scikit-learn-0.22.1/sklearn/datasets/_species_distributions.py
scikit-learn-0.22.1/sklearn/datasets/_svmlight_format_fast.pyx
scikit-learn-0.22.1/sklearn/datasets/_svmlight_format_io.py
scikit-learn-0.22.1/sklearn/datasets/_twenty_newsgroups.py
scikit-learn-0.22.1/sklearn/datasets/data/
scikit-learn-0.22.1/sklearn/datasets/data/boston_house_prices.csv
scikit-learn-0.22.1/sklearn/datasets/data/breast_cancer.csv
scikit-learn-0.22.1/sklearn/datasets/data/diabetes_data.csv.gz
scikit-learn-0.22.1/sklearn/datasets/data/diabetes_target.csv.gz
scikit-learn-0.22.1/sklearn/datasets/data/digits.csv.gz
scikit-learn-0.22.1/sklearn/datasets/data/iris.csv
scikit-learn-0.22.1/sklearn/datasets/data/linnerud_exercise.csv
scikit-learn-0.22.1/sklearn/datasets/data/linnerud_physiological.csv
scikit-learn-0.22.1/sklearn/datasets/data/wine_data.csv
scikit-learn-0.22.1/sklearn/datasets/descr/
scikit-learn-0.22.1/sklearn/datasets/descr/boston_house_prices.rst
scikit-learn-0.22.1/sklearn/datasets/descr/breast_cancer.rst
scikit-learn-0.22.1/sklearn/datasets/descr/california_housing.rst
scikit-learn-0.22.1/sklearn/datasets/descr/covtype.rst
scikit-learn-0.22.1/sklearn/datasets/descr/diabetes.rst
scikit-learn-0.22.1/sklearn/datasets/descr/digits.rst
scikit-learn-0.22.1/sklearn/datasets/descr/iris.rst
scikit-learn-0.22.1/sklearn/datasets/descr/kddcup99.rst
scikit-learn-0.22.1/sklearn/datasets/descr/lfw.rst
scikit-learn-0.22.1/sklearn/datasets/descr/linnerud.rst
scikit-learn-0.22.1/sklearn/datasets/descr/olivetti_faces.rst
scikit-learn-0.22.1/sklearn/datasets/descr/rcv1.rst
scikit-learn-0.22.1/sklearn/datasets/descr/twenty_newsgroups.rst
scikit-learn-0.22.1/sklearn/datasets/descr/wine_data.rst
scikit-learn-0.22.1/sklearn/datasets/images/
scikit-learn-0.22.1/sklearn/datasets/images/README.txt
scikit-learn-0.22.1/sklearn/datasets/images/china.jpg
scikit-learn-0.22.1/sklearn/datasets/images/flower.jpg
scikit-learn-0.22.1/sklearn/datasets/setup.py
scikit-learn-0.22.1/sklearn/datasets/tests/
scikit-learn-0.22.1/sklearn/datasets/tests/__init__.py
scikit-learn-0.22.1/sklearn/datasets/tests/data/
scikit-learn-0.22.1/sklearn/datasets/tests/data/openml/
scikit-learn-0.22.1/sklearn/datasets/tests/data/openml/1/
scikit-learn-0.22.1/sklearn/datasets/tests/data/openml/1/api-v1-json-data-1.json.gz
scikit-learn-0.22.1/sklearn/datasets/tests/data/openml/1/api-v1-json-data-features-1.json.gz
scikit-learn-0.22.1/sklearn/datasets/tests/data/openml/1/api-v1-json-data-qualities-1.json.gz
scikit-learn-0.22.1/sklearn/datasets/tests/data/openml/1/data-v1-download-1.arff.gz
scikit-learn-0.22.1/sklearn/datasets/tests/data/openml/1119/
scikit-learn-0.22.1/sklearn/datasets/tests/data/openml/1119/api-v1-json-data-1119.json.gz
scikit-learn-0.22.1/sklearn/datasets/tests/data/openml/1119/api-v1-json-data-features-1119.json.gz
scikit-learn-0.22.1/sklearn/datasets/tests/data/openml/1119/api-v1-json-data-list-data_name-adult-census-limit-2-data_version-1.json.gz
scikit-learn-0.22.1/sklearn/datasets/tests/data/openml/1119/api-v1-json-data-list-data_name-adult-census-limit-2-status-active-.json.gz
scikit-learn-0.22.1/sklearn/datasets/tests/data/openml/1119/api-v1-json-data-qualities-1119.json.gz
scikit-learn-0.22.1/sklearn/datasets/tests/data/openml/1119/data-v1-download-54002.arff.gz
scikit-learn-0.22.1/sklearn/datasets/tests/data/openml/2/
scikit-learn-0.22.1/sklearn/datasets/tests/data/openml/2/api-v1-json-data-2.json.gz
scikit-learn-0.22.1/sklearn/datasets/tests/data/openml/2/api-v1-json-data-features-2.json.gz
scikit-learn-0.22.1/sklearn/datasets/tests/data/openml/2/api-v1-json-data-list-data_name-anneal-limit-2-data_version-1.json.gz
scikit-learn-0.22.1/sklearn/datasets/tests/data/openml/2/api-v1-json-data-list-data_name-anneal-limit-2-status-active-.json.gz
scikit-learn-0.22.1/sklearn/datasets/tests/data/openml/2/api-v1-json-data-qualities-2.json.gz
scikit-learn-0.22.1/sklearn/datasets/tests/data/openml/2/data-v1-download-1666876.arff.gz
scikit-learn-0.22.1/sklearn/datasets/tests/data/openml/292/
scikit-learn-0.22.1/sklearn/datasets/tests/data/openml/292/api-v1-json-data-292.json.gz
scikit-learn-0.22.1/sklearn/datasets/tests/data/openml/292/api-v1-json-data-40981.json.gz
scikit-learn-0.22.1/sklearn/datasets/tests/data/openml/292/api-v1-json-data-features-292.json.gz
scikit-learn-0.22.1/sklearn/datasets/tests/data/openml/292/api-v1-json-data-features-40981.json.gz
scikit-learn-0.22.1/sklearn/datasets/tests/data/openml/292/api-v1-json-data-list-data_name-australian-limit-2-data_version-1-status-deactivated.json.gz
scikit-learn-0.22.1/sklearn/datasets/tests/data/openml/292/api-v1-json-data-list-data_name-australian-limit-2-data_version-1.json.gz
scikit-learn-0.22.1/sklearn/datasets/tests/data/openml/292/api-v1-json-data-list-data_name-australian-limit-2-status-active-.json.gz
scikit-learn-0.22.1/sklearn/datasets/tests/data/openml/292/data-v1-download-49822.arff.gz
scikit-learn-0.22.1/sklearn/datasets/tests/data/openml/3/
scikit-learn-0.22.1/sklearn/datasets/tests/data/openml/3/api-v1-json-data-3.json.gz
scikit-learn-0.22.1/sklearn/datasets/tests/data/openml/3/api-v1-json-data-features-3.json.gz
scikit-learn-0.22.1/sklearn/datasets/tests/data/openml/3/api-v1-json-data-qualities-3.json.gz
scikit-learn-0.22.1/sklearn/datasets/tests/data/openml/3/data-v1-download-3.arff.gz
scikit-learn-0.22.1/sklearn/datasets/tests/data/openml/40589/
scikit-learn-0.22.1/sklearn/datasets/tests/data/openml/40589/api-v1-json-data-40589.json.gz
scikit-learn-0.22.1/sklearn/datasets/tests/data/openml/40589/api-v1-json-data-features-40589.json.gz
scikit-learn-0.22.1/sklearn/datasets/tests/data/openml/40589/api-v1-json-data-list-data_name-emotions-limit-2-data_version-3.json.gz
scikit-learn-0.22.1/sklearn/datasets/tests/data/openml/40589/api-v1-json-data-list-data_name-emotions-limit-2-status-active-.json.gz
scikit-learn-0.22.1/sklearn/datasets/tests/data/openml/40589/api-v1-json-data-qualities-40589.json.gz
scikit-learn-0.22.1/sklearn/datasets/tests/data/openml/40589/data-v1-download-4644182.arff.gz
scikit-learn-0.22.1/sklearn/datasets/tests/data/openml/40675/
scikit-learn-0.22.1/sklearn/datasets/tests/data/openml/40675/api-v1-json-data-40675.json.gz
scikit-learn-0.22.1/sklearn/datasets/tests/data/openml/40675/api-v1-json-data-features-40675.json.gz
scikit-learn-0.22.1/sklearn/datasets/tests/data/openml/40675/api-v1-json-data-list-data_name-glass2-limit-2-data_version-1-status-deactivated.json.gz
scikit-learn-0.22.1/sklearn/datasets/tests/data/openml/40675/api-v1-json-data-list-data_name-glass2-limit-2-data_version-1.json.gz
scikit-learn-0.22.1/sklearn/datasets/tests/data/openml/40675/api-v1-json-data-list-data_name-glass2-limit-2-status-active-.json.gz
scikit-learn-0.22.1/sklearn/datasets/tests/data/openml/40675/api-v1-json-data-qualities-40675.json.gz
scikit-learn-0.22.1/sklearn/datasets/tests/data/openml/40675/data-v1-download-4965250.arff.gz
scikit-learn-0.22.1/sklearn/datasets/tests/data/openml/40945/
scikit-learn-0.22.1/sklearn/datasets/tests/data/openml/40945/api-v1-json-data-40945.json.gz
scikit-learn-0.22.1/sklearn/datasets/tests/data/openml/40945/api-v1-json-data-features-40945.json.gz
scikit-learn-0.22.1/sklearn/datasets/tests/data/openml/40945/api-v1-json-data-qualities-40945.json.gz
scikit-learn-0.22.1/sklearn/datasets/tests/data/openml/40945/data-v1-download-16826755.arff.gz
scikit-learn-0.22.1/sklearn/datasets/tests/data/openml/40966/
scikit-learn-0.22.1/sklearn/datasets/tests/data/openml/40966/api-v1-json-data-40966.json.gz
scikit-learn-0.22.1/sklearn/datasets/tests/data/openml/40966/api-v1-json-data-features-40966.json.gz
scikit-learn-0.22.1/sklearn/datasets/tests/data/openml/40966/api-v1-json-data-list-data_name-miceprotein-limit-2-data_version-4.json.gz
scikit-learn-0.22.1/sklearn/datasets/tests/data/openml/40966/api-v1-json-data-list-data_name-miceprotein-limit-2-status-active-.json.gz
scikit-learn-0.22.1/sklearn/datasets/tests/data/openml/40966/api-v1-json-data-qualities-40966.json.gz
scikit-learn-0.22.1/sklearn/datasets/tests/data/openml/40966/data-v1-download-17928620.arff.gz
scikit-learn-0.22.1/sklearn/datasets/tests/data/openml/561/
scikit-learn-0.22.1/sklearn/datasets/tests/data/openml/561/api-v1-json-data-561.json.gz
scikit-learn-0.22.1/sklearn/datasets/tests/data/openml/561/api-v1-json-data-features-561.json.gz
scikit-learn-0.22.1/sklearn/datasets/tests/data/openml/561/api-v1-json-data-list-data_name-cpu-limit-2-data_version-1.json.gz
scikit-learn-0.22.1/sklearn/datasets/tests/data/openml/561/api-v1-json-data-list-data_name-cpu-limit-2-status-active-.json.gz
scikit-learn-0.22.1/sklearn/datasets/tests/data/openml/561/api-v1-json-data-qualities-561.json.gz
scikit-learn-0.22.1/sklearn/datasets/tests/data/openml/561/data-v1-download-52739.arff.gz
scikit-learn-0.22.1/sklearn/datasets/tests/data/openml/61/
scikit-learn-0.22.1/sklearn/datasets/tests/data/openml/61/api-v1-json-data-61.json.gz
scikit-learn-0.22.1/sklearn/datasets/tests/data/openml/61/api-v1-json-data-features-61.json.gz
scikit-learn-0.22.1/sklearn/datasets/tests/data/openml/61/api-v1-json-data-list-data_name-iris-limit-2-data_version-1.json.gz
scikit-learn-0.22.1/sklearn/datasets/tests/data/openml/61/api-v1-json-data-list-data_name-iris-limit-2-status-active-.json.gz
scikit-learn-0.22.1/sklearn/datasets/tests/data/openml/61/api-v1-json-data-qualities-61.json.gz
scikit-learn-0.22.1/sklearn/datasets/tests/data/openml/61/data-v1-download-61.arff.gz
scikit-learn-0.22.1/sklearn/datasets/tests/data/openml/62/
scikit-learn-0.22.1/sklearn/datasets/tests/data/openml/62/api-v1-json-data-62.json.gz
scikit-learn-0.22.1/sklearn/datasets/tests/data/openml/62/api-v1-json-data-features-62.json.gz
scikit-learn-0.22.1/sklearn/datasets/tests/data/openml/62/api-v1-json-data-qualities-62.json.gz
scikit-learn-0.22.1/sklearn/datasets/tests/data/openml/62/data-v1-download-52352.arff.gz
scikit-learn-0.22.1/sklearn/datasets/tests/data/svmlight_classification.txt
scikit-learn-0.22.1/sklearn/datasets/tests/data/svmlight_invalid.txt
scikit-learn-0.22.1/sklearn/datasets/tests/data/svmlight_invalid_order.txt
scikit-learn-0.22.1/sklearn/datasets/tests/data/svmlight_multilabel.txt
scikit-learn-0.22.1/sklearn/datasets/tests/test_20news.py
scikit-learn-0.22.1/sklearn/datasets/tests/test_base.py
scikit-learn-0.22.1/sklearn/datasets/tests/test_california_housing.py
scikit-learn-0.22.1/sklearn/datasets/tests/test_common.py
scikit-learn-0.22.1/sklearn/datasets/tests/test_covtype.py
scikit-learn-0.22.1/sklearn/datasets/tests/test_kddcup99.py
scikit-learn-0.22.1/sklearn/datasets/tests/test_lfw.py
scikit-learn-0.22.1/sklearn/datasets/tests/test_olivetti_faces.py
scikit-learn-0.22.1/sklearn/datasets/tests/test_openml.py
scikit-learn-0.22.1/sklearn/datasets/tests/test_rcv1.py
scikit-learn-0.22.1/sklearn/datasets/tests/test_samples_generator.py
scikit-learn-0.22.1/sklearn/datasets/tests/test_svmlight_format.py
scikit-learn-0.22.1/sklearn/decomposition/
scikit-learn-0.22.1/sklearn/decomposition/__init__.py
scikit-learn-0.22.1/sklearn/decomposition/_base.py
scikit-learn-0.22.1/sklearn/decomposition/_cdnmf_fast.pyx
scikit-learn-0.22.1/sklearn/decomposition/_dict_learning.py
scikit-learn-0.22.1/sklearn/decomposition/_factor_analysis.py
scikit-learn-0.22.1/sklearn/decomposition/_fastica.py
scikit-learn-0.22.1/sklearn/decomposition/_incremental_pca.py
scikit-learn-0.22.1/sklearn/decomposition/_kernel_pca.py
scikit-learn-0.22.1/sklearn/decomposition/_lda.py
scikit-learn-0.22.1/sklearn/decomposition/_nmf.py
scikit-learn-0.22.1/sklearn/decomposition/_online_lda_fast.pyx
scikit-learn-0.22.1/sklearn/decomposition/_pca.py
scikit-learn-0.22.1/sklearn/decomposition/_sparse_pca.py
scikit-learn-0.22.1/sklearn/decomposition/_truncated_svd.py
scikit-learn-0.22.1/sklearn/decomposition/setup.py
scikit-learn-0.22.1/sklearn/decomposition/tests/
scikit-learn-0.22.1/sklearn/decomposition/tests/__init__.py
scikit-learn-0.22.1/sklearn/decomposition/tests/test_dict_learning.py
scikit-learn-0.22.1/sklearn/decomposition/tests/test_factor_analysis.py
scikit-learn-0.22.1/sklearn/decomposition/tests/test_fastica.py
scikit-learn-0.22.1/sklearn/decomposition/tests/test_incremental_pca.py
scikit-learn-0.22.1/sklearn/decomposition/tests/test_kernel_pca.py
scikit-learn-0.22.1/sklearn/decomposition/tests/test_nmf.py
scikit-learn-0.22.1/sklearn/decomposition/tests/test_online_lda.py
scikit-learn-0.22.1/sklearn/decomposition/tests/test_pca.py
scikit-learn-0.22.1/sklearn/decomposition/tests/test_sparse_pca.py
scikit-learn-0.22.1/sklearn/decomposition/tests/test_truncated_svd.py
scikit-learn-0.22.1/sklearn/discriminant_analysis.py
scikit-learn-0.22.1/sklearn/dummy.py
scikit-learn-0.22.1/sklearn/ensemble/
scikit-learn-0.22.1/sklearn/ensemble/__init__.py
scikit-learn-0.22.1/sklearn/ensemble/_bagging.py
scikit-learn-0.22.1/sklearn/ensemble/_base.py
scikit-learn-0.22.1/sklearn/ensemble/_forest.py
scikit-learn-0.22.1/sklearn/ensemble/_gb.py
scikit-learn-0.22.1/sklearn/ensemble/_gb_losses.py
scikit-learn-0.22.1/sklearn/ensemble/_gradient_boosting.pyx
scikit-learn-0.22.1/sklearn/ensemble/_hist_gradient_boosting/
scikit-learn-0.22.1/sklearn/ensemble/_hist_gradient_boosting/__init__.py
scikit-learn-0.22.1/sklearn/ensemble/_hist_gradient_boosting/_binning.pyx
scikit-learn-0.22.1/sklearn/ensemble/_hist_gradient_boosting/_gradient_boosting.pyx
scikit-learn-0.22.1/sklearn/ensemble/_hist_gradient_boosting/_loss.pyx
scikit-learn-0.22.1/sklearn/ensemble/_hist_gradient_boosting/_predictor.pyx
scikit-learn-0.22.1/sklearn/ensemble/_hist_gradient_boosting/binning.py
scikit-learn-0.22.1/sklearn/ensemble/_hist_gradient_boosting/common.pxd
scikit-learn-0.22.1/sklearn/ensemble/_hist_gradient_boosting/common.pyx
scikit-learn-0.22.1/sklearn/ensemble/_hist_gradient_boosting/gradient_boosting.py
scikit-learn-0.22.1/sklearn/ensemble/_hist_gradient_boosting/grower.py
scikit-learn-0.22.1/sklearn/ensemble/_hist_gradient_boosting/histogram.pyx
scikit-learn-0.22.1/sklearn/ensemble/_hist_gradient_boosting/loss.py
scikit-learn-0.22.1/sklearn/ensemble/_hist_gradient_boosting/predictor.py
scikit-learn-0.22.1/sklearn/ensemble/_hist_gradient_boosting/splitting.pyx
scikit-learn-0.22.1/sklearn/ensemble/_hist_gradient_boosting/tests/
scikit-learn-0.22.1/sklearn/ensemble/_hist_gradient_boosting/tests/__init__.py
scikit-learn-0.22.1/sklearn/ensemble/_hist_gradient_boosting/tests/test_binning.py
scikit-learn-0.22.1/sklearn/ensemble/_hist_gradient_boosting/tests/test_compare_lightgbm.py
scikit-learn-0.22.1/sklearn/ensemble/_hist_gradient_boosting/tests/test_gradient_boosting.py
scikit-learn-0.22.1/sklearn/ensemble/_hist_gradient_boosting/tests/test_grower.py
scikit-learn-0.22.1/sklearn/ensemble/_hist_gradient_boosting/tests/test_histogram.py
scikit-learn-0.22.1/sklearn/ensemble/_hist_gradient_boosting/tests/test_loss.py
scikit-learn-0.22.1/sklearn/ensemble/_hist_gradient_boosting/tests/test_predictor.py
scikit-learn-0.22.1/sklearn/ensemble/_hist_gradient_boosting/tests/test_splitting.py
scikit-learn-0.22.1/sklearn/ensemble/_hist_gradient_boosting/tests/test_warm_start.py
scikit-learn-0.22.1/sklearn/ensemble/_hist_gradient_boosting/utils.pyx
scikit-learn-0.22.1/sklearn/ensemble/_iforest.py
scikit-learn-0.22.1/sklearn/ensemble/_stacking.py
scikit-learn-0.22.1/sklearn/ensemble/_voting.py
scikit-learn-0.22.1/sklearn/ensemble/_weight_boosting.py
scikit-learn-0.22.1/sklearn/ensemble/partial_dependence.py
scikit-learn-0.22.1/sklearn/ensemble/setup.py
scikit-learn-0.22.1/sklearn/ensemble/tests/
scikit-learn-0.22.1/sklearn/ensemble/tests/__init__.py
scikit-learn-0.22.1/sklearn/ensemble/tests/test_bagging.py
scikit-learn-0.22.1/sklearn/ensemble/tests/test_base.py
scikit-learn-0.22.1/sklearn/ensemble/tests/test_common.py
scikit-learn-0.22.1/sklearn/ensemble/tests/test_forest.py
scikit-learn-0.22.1/sklearn/ensemble/tests/test_gradient_boosting.py
scikit-learn-0.22.1/sklearn/ensemble/tests/test_gradient_boosting_loss_functions.py
scikit-learn-0.22.1/sklearn/ensemble/tests/test_iforest.py
scikit-learn-0.22.1/sklearn/ensemble/tests/test_partial_dependence.py
scikit-learn-0.22.1/sklearn/ensemble/tests/test_stacking.py
scikit-learn-0.22.1/sklearn/ensemble/tests/test_voting.py
scikit-learn-0.22.1/sklearn/ensemble/tests/test_weight_boosting.py
scikit-learn-0.22.1/sklearn/exceptions.py
scikit-learn-0.22.1/sklearn/experimental/
scikit-learn-0.22.1/sklearn/experimental/__init__.py
scikit-learn-0.22.1/sklearn/experimental/enable_hist_gradient_boosting.py
scikit-learn-0.22.1/sklearn/experimental/enable_iterative_imputer.py
scikit-learn-0.22.1/sklearn/experimental/tests/
scikit-learn-0.22.1/sklearn/experimental/tests/__init__.py
scikit-learn-0.22.1/sklearn/experimental/tests/test_enable_hist_gradient_boosting.py
scikit-learn-0.22.1/sklearn/experimental/tests/test_enable_iterative_imputer.py
scikit-learn-0.22.1/sklearn/externals/
scikit-learn-0.22.1/sklearn/externals/README
scikit-learn-0.22.1/sklearn/externals/__init__.py
scikit-learn-0.22.1/sklearn/externals/_arff.py
scikit-learn-0.22.1/sklearn/externals/_lobpcg.py
scikit-learn-0.22.1/sklearn/externals/_pep562.py
scikit-learn-0.22.1/sklearn/externals/_pilutil.py
scikit-learn-0.22.1/sklearn/externals/_scipy_linalg.py
scikit-learn-0.22.1/sklearn/externals/conftest.py
scikit-learn-0.22.1/sklearn/externals/joblib/
scikit-learn-0.22.1/sklearn/externals/joblib/__init__.py
scikit-learn-0.22.1/sklearn/externals/joblib/numpy_pickle.py
scikit-learn-0.22.1/sklearn/externals/setup.py
scikit-learn-0.22.1/sklearn/externals/six.py
scikit-learn-0.22.1/sklearn/feature_extraction/
scikit-learn-0.22.1/sklearn/feature_extraction/__init__.py
scikit-learn-0.22.1/sklearn/feature_extraction/_dict_vectorizer.py
scikit-learn-0.22.1/sklearn/feature_extraction/_hash.py
scikit-learn-0.22.1/sklearn/feature_extraction/_hashing_fast.pyx
scikit-learn-0.22.1/sklearn/feature_extraction/_stop_words.py
scikit-learn-0.22.1/sklearn/feature_extraction/image.py
scikit-learn-0.22.1/sklearn/feature_extraction/setup.py
scikit-learn-0.22.1/sklearn/feature_extraction/tests/
scikit-learn-0.22.1/sklearn/feature_extraction/tests/__init__.py
scikit-learn-0.22.1/sklearn/feature_extraction/tests/test_dict_vectorizer.py
scikit-learn-0.22.1/sklearn/feature_extraction/tests/test_feature_hasher.py
scikit-learn-0.22.1/sklearn/feature_extraction/tests/test_image.py
scikit-learn-0.22.1/sklearn/feature_extraction/tests/test_text.py
scikit-learn-0.22.1/sklearn/feature_extraction/text.py
scikit-learn-0.22.1/sklearn/feature_selection/
scikit-learn-0.22.1/sklearn/feature_selection/__init__.py
scikit-learn-0.22.1/sklearn/feature_selection/_base.py
scikit-learn-0.22.1/sklearn/feature_selection/_from_model.py
scikit-learn-0.22.1/sklearn/feature_selection/_mutual_info.py
scikit-learn-0.22.1/sklearn/feature_selection/_rfe.py
scikit-learn-0.22.1/sklearn/feature_selection/_univariate_selection.py
scikit-learn-0.22.1/sklearn/feature_selection/_variance_threshold.py
scikit-learn-0.22.1/sklearn/feature_selection/tests/
scikit-learn-0.22.1/sklearn/feature_selection/tests/__init__.py
scikit-learn-0.22.1/sklearn/feature_selection/tests/test_base.py
scikit-learn-0.22.1/sklearn/feature_selection/tests/test_chi2.py
scikit-learn-0.22.1/sklearn/feature_selection/tests/test_feature_select.py
scikit-learn-0.22.1/sklearn/feature_selection/tests/test_from_model.py
scikit-learn-0.22.1/sklearn/feature_selection/tests/test_mutual_info.py
scikit-learn-0.22.1/sklearn/feature_selection/tests/test_rfe.py
scikit-learn-0.22.1/sklearn/feature_selection/tests/test_variance_threshold.py
scikit-learn-0.22.1/sklearn/gaussian_process/
scikit-learn-0.22.1/sklearn/gaussian_process/__init__.py
scikit-learn-0.22.1/sklearn/gaussian_process/_gpc.py
scikit-learn-0.22.1/sklearn/gaussian_process/_gpr.py
scikit-learn-0.22.1/sklearn/gaussian_process/kernels.py
scikit-learn-0.22.1/sklearn/gaussian_process/tests/
scikit-learn-0.22.1/sklearn/gaussian_process/tests/__init__.py
scikit-learn-0.22.1/sklearn/gaussian_process/tests/_mini_sequence_kernel.py
scikit-learn-0.22.1/sklearn/gaussian_process/tests/test_gpc.py
scikit-learn-0.22.1/sklearn/gaussian_process/tests/test_gpr.py
scikit-learn-0.22.1/sklearn/gaussian_process/tests/test_kernels.py
scikit-learn-0.22.1/sklearn/impute/
scikit-learn-0.22.1/sklearn/impute/__init__.py
scikit-learn-0.22.1/sklearn/impute/_base.py
scikit-learn-0.22.1/sklearn/impute/_iterative.py
scikit-learn-0.22.1/sklearn/impute/_knn.py
scikit-learn-0.22.1/sklearn/impute/tests/
scikit-learn-0.22.1/sklearn/impute/tests/__init__.py
scikit-learn-0.22.1/sklearn/impute/tests/test_base.py
scikit-learn-0.22.1/sklearn/impute/tests/test_common.py
scikit-learn-0.22.1/sklearn/impute/tests/test_impute.py
scikit-learn-0.22.1/sklearn/impute/tests/test_knn.py
scikit-learn-0.22.1/sklearn/inspection/
scikit-learn-0.22.1/sklearn/inspection/__init__.py
scikit-learn-0.22.1/sklearn/inspection/_partial_dependence.py
scikit-learn-0.22.1/sklearn/inspection/_permutation_importance.py
scikit-learn-0.22.1/sklearn/inspection/tests/
scikit-learn-0.22.1/sklearn/inspection/tests/__init__.py
scikit-learn-0.22.1/sklearn/inspection/tests/test_partial_dependence.py
scikit-learn-0.22.1/sklearn/inspection/tests/test_permutation_importance.py
scikit-learn-0.22.1/sklearn/inspection/tests/test_plot_partial_dependence.py
scikit-learn-0.22.1/sklearn/isotonic.py
scikit-learn-0.22.1/sklearn/kernel_approximation.py
scikit-learn-0.22.1/sklearn/kernel_ridge.py
scikit-learn-0.22.1/sklearn/linear_model/
scikit-learn-0.22.1/sklearn/linear_model/__init__.py
scikit-learn-0.22.1/sklearn/linear_model/_base.py
scikit-learn-0.22.1/sklearn/linear_model/_bayes.py
scikit-learn-0.22.1/sklearn/linear_model/_cd_fast.pyx
scikit-learn-0.22.1/sklearn/linear_model/_coordinate_descent.py
scikit-learn-0.22.1/sklearn/linear_model/_huber.py
scikit-learn-0.22.1/sklearn/linear_model/_least_angle.py
scikit-learn-0.22.1/sklearn/linear_model/_logistic.py
scikit-learn-0.22.1/sklearn/linear_model/_omp.py
scikit-learn-0.22.1/sklearn/linear_model/_passive_aggressive.py
scikit-learn-0.22.1/sklearn/linear_model/_perceptron.py
scikit-learn-0.22.1/sklearn/linear_model/_ransac.py
scikit-learn-0.22.1/sklearn/linear_model/_ridge.py
scikit-learn-0.22.1/sklearn/linear_model/_sag.py
scikit-learn-0.22.1/sklearn/linear_model/_sag_fast.pyx.tp
scikit-learn-0.22.1/sklearn/linear_model/_sgd_fast.pxd
scikit-learn-0.22.1/sklearn/linear_model/_sgd_fast.pyx
scikit-learn-0.22.1/sklearn/linear_model/_sgd_fast_helpers.h
scikit-learn-0.22.1/sklearn/linear_model/_stochastic_gradient.py
scikit-learn-0.22.1/sklearn/linear_model/_theil_sen.py
scikit-learn-0.22.1/sklearn/linear_model/setup.py
scikit-learn-0.22.1/sklearn/linear_model/tests/
scikit-learn-0.22.1/sklearn/linear_model/tests/__init__.py
scikit-learn-0.22.1/sklearn/linear_model/tests/test_base.py
scikit-learn-0.22.1/sklearn/linear_model/tests/test_bayes.py
scikit-learn-0.22.1/sklearn/linear_model/tests/test_coordinate_descent.py
scikit-learn-0.22.1/sklearn/linear_model/tests/test_huber.py
scikit-learn-0.22.1/sklearn/linear_model/tests/test_least_angle.py
scikit-learn-0.22.1/sklearn/linear_model/tests/test_logistic.py
scikit-learn-0.22.1/sklearn/linear_model/tests/test_omp.py
scikit-learn-0.22.1/sklearn/linear_model/tests/test_passive_aggressive.py
scikit-learn-0.22.1/sklearn/linear_model/tests/test_perceptron.py
scikit-learn-0.22.1/sklearn/linear_model/tests/test_ransac.py
scikit-learn-0.22.1/sklearn/linear_model/tests/test_ridge.py
scikit-learn-0.22.1/sklearn/linear_model/tests/test_sag.py
scikit-learn-0.22.1/sklearn/linear_model/tests/test_sgd.py
scikit-learn-0.22.1/sklearn/linear_model/tests/test_sparse_coordinate_descent.py
scikit-learn-0.22.1/sklearn/linear_model/tests/test_theil_sen.py
scikit-learn-0.22.1/sklearn/manifold/
scikit-learn-0.22.1/sklearn/manifold/__init__.py
scikit-learn-0.22.1/sklearn/manifold/_barnes_hut_tsne.pyx
scikit-learn-0.22.1/sklearn/manifold/_isomap.py
scikit-learn-0.22.1/sklearn/manifold/_locally_linear.py
scikit-learn-0.22.1/sklearn/manifold/_mds.py
scikit-learn-0.22.1/sklearn/manifold/_spectral_embedding.py
scikit-learn-0.22.1/sklearn/manifold/_t_sne.py
scikit-learn-0.22.1/sklearn/manifold/_utils.pyx
scikit-learn-0.22.1/sklearn/manifold/setup.py
scikit-learn-0.22.1/sklearn/manifold/tests/
scikit-learn-0.22.1/sklearn/manifold/tests/__init__.py
scikit-learn-0.22.1/sklearn/manifold/tests/test_isomap.py
scikit-learn-0.22.1/sklearn/manifold/tests/test_locally_linear.py
scikit-learn-0.22.1/sklearn/manifold/tests/test_mds.py
scikit-learn-0.22.1/sklearn/manifold/tests/test_spectral_embedding.py
scikit-learn-0.22.1/sklearn/manifold/tests/test_t_sne.py
scikit-learn-0.22.1/sklearn/metrics/
scikit-learn-0.22.1/sklearn/metrics/__init__.py
scikit-learn-0.22.1/sklearn/metrics/_base.py
scikit-learn-0.22.1/sklearn/metrics/_classification.py
scikit-learn-0.22.1/sklearn/metrics/_pairwise_fast.pyx
scikit-learn-0.22.1/sklearn/metrics/_plot/
scikit-learn-0.22.1/sklearn/metrics/_plot/__init__.py
scikit-learn-0.22.1/sklearn/metrics/_plot/base.py
scikit-learn-0.22.1/sklearn/metrics/_plot/confusion_matrix.py
scikit-learn-0.22.1/sklearn/metrics/_plot/precision_recall_curve.py
scikit-learn-0.22.1/sklearn/metrics/_plot/roc_curve.py
scikit-learn-0.22.1/sklearn/metrics/_plot/tests/
scikit-learn-0.22.1/sklearn/metrics/_plot/tests/__init__.py
scikit-learn-0.22.1/sklearn/metrics/_plot/tests/test_plot_confusion_matrix.py
scikit-learn-0.22.1/sklearn/metrics/_plot/tests/test_plot_precision_recall.py
scikit-learn-0.22.1/sklearn/metrics/_plot/tests/test_plot_roc_curve.py
scikit-learn-0.22.1/sklearn/metrics/_ranking.py
scikit-learn-0.22.1/sklearn/metrics/_regression.py
scikit-learn-0.22.1/sklearn/metrics/_scorer.py
scikit-learn-0.22.1/sklearn/metrics/cluster/
scikit-learn-0.22.1/sklearn/metrics/cluster/__init__.py
scikit-learn-0.22.1/sklearn/metrics/cluster/_bicluster.py
scikit-learn-0.22.1/sklearn/metrics/cluster/_expected_mutual_info_fast.pyx
scikit-learn-0.22.1/sklearn/metrics/cluster/_supervised.py
scikit-learn-0.22.1/sklearn/metrics/cluster/_unsupervised.py
scikit-learn-0.22.1/sklearn/metrics/cluster/setup.py
scikit-learn-0.22.1/sklearn/metrics/cluster/tests/
scikit-learn-0.22.1/sklearn/metrics/cluster/tests/__init__.py
scikit-learn-0.22.1/sklearn/metrics/cluster/tests/test_bicluster.py
scikit-learn-0.22.1/sklearn/metrics/cluster/tests/test_common.py
scikit-learn-0.22.1/sklearn/metrics/cluster/tests/test_supervised.py
scikit-learn-0.22.1/sklearn/metrics/cluster/tests/test_unsupervised.py
scikit-learn-0.22.1/sklearn/metrics/pairwise.py
scikit-learn-0.22.1/sklearn/metrics/setup.py
scikit-learn-0.22.1/sklearn/metrics/tests/
scikit-learn-0.22.1/sklearn/metrics/tests/__init__.py
scikit-learn-0.22.1/sklearn/metrics/tests/test_classification.py
scikit-learn-0.22.1/sklearn/metrics/tests/test_common.py
scikit-learn-0.22.1/sklearn/metrics/tests/test_pairwise.py
scikit-learn-0.22.1/sklearn/metrics/tests/test_ranking.py
scikit-learn-0.22.1/sklearn/metrics/tests/test_regression.py
scikit-learn-0.22.1/sklearn/metrics/tests/test_score_objects.py
scikit-learn-0.22.1/sklearn/mixture/
scikit-learn-0.22.1/sklearn/mixture/__init__.py
scikit-learn-0.22.1/sklearn/mixture/_base.py
scikit-learn-0.22.1/sklearn/mixture/_bayesian_mixture.py
scikit-learn-0.22.1/sklearn/mixture/_gaussian_mixture.py
scikit-learn-0.22.1/sklearn/mixture/tests/
scikit-learn-0.22.1/sklearn/mixture/tests/__init__.py
scikit-learn-0.22.1/sklearn/mixture/tests/test_bayesian_mixture.py
scikit-learn-0.22.1/sklearn/mixture/tests/test_gaussian_mixture.py
scikit-learn-0.22.1/sklearn/mixture/tests/test_mixture.py
scikit-learn-0.22.1/sklearn/model_selection/
scikit-learn-0.22.1/sklearn/model_selection/__init__.py
scikit-learn-0.22.1/sklearn/model_selection/_search.py
scikit-learn-0.22.1/sklearn/model_selection/_split.py
scikit-learn-0.22.1/sklearn/model_selection/_validation.py
scikit-learn-0.22.1/sklearn/model_selection/tests/
scikit-learn-0.22.1/sklearn/model_selection/tests/__init__.py
scikit-learn-0.22.1/sklearn/model_selection/tests/common.py
scikit-learn-0.22.1/sklearn/model_selection/tests/test_search.py
scikit-learn-0.22.1/sklearn/model_selection/tests/test_split.py
scikit-learn-0.22.1/sklearn/model_selection/tests/test_validation.py
scikit-learn-0.22.1/sklearn/multiclass.py
scikit-learn-0.22.1/sklearn/multioutput.py
scikit-learn-0.22.1/sklearn/naive_bayes.py
scikit-learn-0.22.1/sklearn/neighbors/
scikit-learn-0.22.1/sklearn/neighbors/__init__.py
scikit-learn-0.22.1/sklearn/neighbors/_ball_tree.pyx
scikit-learn-0.22.1/sklearn/neighbors/_base.py
scikit-learn-0.22.1/sklearn/neighbors/_binary_tree.pxi
scikit-learn-0.22.1/sklearn/neighbors/_classification.py
scikit-learn-0.22.1/sklearn/neighbors/_dist_metrics.pxd
scikit-learn-0.22.1/sklearn/neighbors/_dist_metrics.pyx
scikit-learn-0.22.1/sklearn/neighbors/_graph.py
scikit-learn-0.22.1/sklearn/neighbors/_kd_tree.pyx
scikit-learn-0.22.1/sklearn/neighbors/_kde.py
scikit-learn-0.22.1/sklearn/neighbors/_lof.py
scikit-learn-0.22.1/sklearn/neighbors/_nca.py
scikit-learn-0.22.1/sklearn/neighbors/_nearest_centroid.py
scikit-learn-0.22.1/sklearn/neighbors/_quad_tree.pxd
scikit-learn-0.22.1/sklearn/neighbors/_quad_tree.pyx
scikit-learn-0.22.1/sklearn/neighbors/_regression.py
scikit-learn-0.22.1/sklearn/neighbors/_typedefs.pxd
scikit-learn-0.22.1/sklearn/neighbors/_typedefs.pyx
scikit-learn-0.22.1/sklearn/neighbors/_unsupervised.py
scikit-learn-0.22.1/sklearn/neighbors/setup.py
scikit-learn-0.22.1/sklearn/neighbors/tests/
scikit-learn-0.22.1/sklearn/neighbors/tests/__init__.py
scikit-learn-0.22.1/sklearn/neighbors/tests/test_ball_tree.py
scikit-learn-0.22.1/sklearn/neighbors/tests/test_dist_metrics.py
scikit-learn-0.22.1/sklearn/neighbors/tests/test_graph.py
scikit-learn-0.22.1/sklearn/neighbors/tests/test_kd_tree.py
scikit-learn-0.22.1/sklearn/neighbors/tests/test_kde.py
scikit-learn-0.22.1/sklearn/neighbors/tests/test_lof.py
scikit-learn-0.22.1/sklearn/neighbors/tests/test_nca.py
scikit-learn-0.22.1/sklearn/neighbors/tests/test_nearest_centroid.py
scikit-learn-0.22.1/sklearn/neighbors/tests/test_neighbors.py
scikit-learn-0.22.1/sklearn/neighbors/tests/test_neighbors_pipeline.py
scikit-learn-0.22.1/sklearn/neighbors/tests/test_neighbors_tree.py
scikit-learn-0.22.1/sklearn/neighbors/tests/test_quad_tree.py
scikit-learn-0.22.1/sklearn/neural_network/
scikit-learn-0.22.1/sklearn/neural_network/__init__.py
scikit-learn-0.22.1/sklearn/neural_network/_base.py
scikit-learn-0.22.1/sklearn/neural_network/_multilayer_perceptron.py
scikit-learn-0.22.1/sklearn/neural_network/_rbm.py
scikit-learn-0.22.1/sklearn/neural_network/_stochastic_optimizers.py
scikit-learn-0.22.1/sklearn/neural_network/tests/
scikit-learn-0.22.1/sklearn/neural_network/tests/__init__.py
scikit-learn-0.22.1/sklearn/neural_network/tests/test_mlp.py
scikit-learn-0.22.1/sklearn/neural_network/tests/test_rbm.py
scikit-learn-0.22.1/sklearn/neural_network/tests/test_stochastic_optimizers.py
scikit-learn-0.22.1/sklearn/pipeline.py
scikit-learn-0.22.1/sklearn/preprocessing/
scikit-learn-0.22.1/sklearn/preprocessing/__init__.py
scikit-learn-0.22.1/sklearn/preprocessing/_csr_polynomial_expansion.pyx
scikit-learn-0.22.1/sklearn/preprocessing/_data.py
scikit-learn-0.22.1/sklearn/preprocessing/_discretization.py
scikit-learn-0.22.1/sklearn/preprocessing/_encoders.py
scikit-learn-0.22.1/sklearn/preprocessing/_function_transformer.py
scikit-learn-0.22.1/sklearn/preprocessing/_label.py
scikit-learn-0.22.1/sklearn/preprocessing/setup.py
scikit-learn-0.22.1/sklearn/preprocessing/tests/
scikit-learn-0.22.1/sklearn/preprocessing/tests/__init__.py
scikit-learn-0.22.1/sklearn/preprocessing/tests/test_common.py
scikit-learn-0.22.1/sklearn/preprocessing/tests/test_data.py
scikit-learn-0.22.1/sklearn/preprocessing/tests/test_discretization.py
scikit-learn-0.22.1/sklearn/preprocessing/tests/test_encoders.py
scikit-learn-0.22.1/sklearn/preprocessing/tests/test_function_transformer.py
scikit-learn-0.22.1/sklearn/preprocessing/tests/test_label.py
scikit-learn-0.22.1/sklearn/random_projection.py
scikit-learn-0.22.1/sklearn/semi_supervised/
scikit-learn-0.22.1/sklearn/semi_supervised/__init__.py
scikit-learn-0.22.1/sklearn/semi_supervised/_label_propagation.py
scikit-learn-0.22.1/sklearn/semi_supervised/tests/
scikit-learn-0.22.1/sklearn/semi_supervised/tests/__init__.py
scikit-learn-0.22.1/sklearn/semi_supervised/tests/test_label_propagation.py
scikit-learn-0.22.1/sklearn/setup.py
scikit-learn-0.22.1/sklearn/svm/
scikit-learn-0.22.1/sklearn/svm/__init__.py
scikit-learn-0.22.1/sklearn/svm/_base.py
scikit-learn-0.22.1/sklearn/svm/_bounds.py
scikit-learn-0.22.1/sklearn/svm/_classes.py
scikit-learn-0.22.1/sklearn/svm/_liblinear.pxi
scikit-learn-0.22.1/sklearn/svm/_liblinear.pyx
scikit-learn-0.22.1/sklearn/svm/_libsvm.pxi
scikit-learn-0.22.1/sklearn/svm/_libsvm.pyx
scikit-learn-0.22.1/sklearn/svm/_libsvm_sparse.pyx
scikit-learn-0.22.1/sklearn/svm/setup.py
scikit-learn-0.22.1/sklearn/svm/src/
scikit-learn-0.22.1/sklearn/svm/src/liblinear/
scikit-learn-0.22.1/sklearn/svm/src/liblinear/COPYRIGHT
scikit-learn-0.22.1/sklearn/svm/src/liblinear/_cython_blas_helpers.h
scikit-learn-0.22.1/sklearn/svm/src/liblinear/liblinear_helper.c
scikit-learn-0.22.1/sklearn/svm/src/liblinear/linear.cpp
scikit-learn-0.22.1/sklearn/svm/src/liblinear/linear.h
scikit-learn-0.22.1/sklearn/svm/src/liblinear/tron.cpp
scikit-learn-0.22.1/sklearn/svm/src/liblinear/tron.h
scikit-learn-0.22.1/sklearn/svm/src/libsvm/
scikit-learn-0.22.1/sklearn/svm/src/libsvm/LIBSVM_CHANGES
scikit-learn-0.22.1/sklearn/svm/src/libsvm/libsvm_helper.c
scikit-learn-0.22.1/sklearn/svm/src/libsvm/libsvm_sparse_helper.c
scikit-learn-0.22.1/sklearn/svm/src/libsvm/libsvm_template.cpp
scikit-learn-0.22.1/sklearn/svm/src/libsvm/svm.cpp
scikit-learn-0.22.1/sklearn/svm/src/libsvm/svm.h
scikit-learn-0.22.1/sklearn/svm/tests/
scikit-learn-0.22.1/sklearn/svm/tests/__init__.py
scikit-learn-0.22.1/sklearn/svm/tests/test_bounds.py
scikit-learn-0.22.1/sklearn/svm/tests/test_sparse.py
scikit-learn-0.22.1/sklearn/svm/tests/test_svm.py
scikit-learn-0.22.1/sklearn/tests/
scikit-learn-0.22.1/sklearn/tests/__init__.py
scikit-learn-0.22.1/sklearn/tests/test_base.py
scikit-learn-0.22.1/sklearn/tests/test_build.py
scikit-learn-0.22.1/sklearn/tests/test_calibration.py
scikit-learn-0.22.1/sklearn/tests/test_check_build.py
scikit-learn-0.22.1/sklearn/tests/test_common.py
scikit-learn-0.22.1/sklearn/tests/test_config.py
scikit-learn-0.22.1/sklearn/tests/test_discriminant_analysis.py
scikit-learn-0.22.1/sklearn/tests/test_docstring_parameters.py
scikit-learn-0.22.1/sklearn/tests/test_dummy.py
scikit-learn-0.22.1/sklearn/tests/test_import_deprecations.py
scikit-learn-0.22.1/sklearn/tests/test_init.py
scikit-learn-0.22.1/sklearn/tests/test_isotonic.py
scikit-learn-0.22.1/sklearn/tests/test_kernel_approximation.py
scikit-learn-0.22.1/sklearn/tests/test_kernel_ridge.py
scikit-learn-0.22.1/sklearn/tests/test_metaestimators.py
scikit-learn-0.22.1/sklearn/tests/test_multiclass.py
scikit-learn-0.22.1/sklearn/tests/test_multioutput.py
scikit-learn-0.22.1/sklearn/tests/test_naive_bayes.py
scikit-learn-0.22.1/sklearn/tests/test_pipeline.py
scikit-learn-0.22.1/sklearn/tests/test_random_projection.py
scikit-learn-0.22.1/sklearn/tests/test_site_joblib.py
scikit-learn-0.22.1/sklearn/tree/
scikit-learn-0.22.1/sklearn/tree/__init__.py
scikit-learn-0.22.1/sklearn/tree/_classes.py
scikit-learn-0.22.1/sklearn/tree/_criterion.pxd
scikit-learn-0.22.1/sklearn/tree/_criterion.pyx
scikit-learn-0.22.1/sklearn/tree/_export.py
scikit-learn-0.22.1/sklearn/tree/_reingold_tilford.py
scikit-learn-0.22.1/sklearn/tree/_splitter.pxd
scikit-learn-0.22.1/sklearn/tree/_splitter.pyx
scikit-learn-0.22.1/sklearn/tree/_tree.pxd
scikit-learn-0.22.1/sklearn/tree/_tree.pyx
scikit-learn-0.22.1/sklearn/tree/_utils.pxd
scikit-learn-0.22.1/sklearn/tree/_utils.pyx
scikit-learn-0.22.1/sklearn/tree/setup.py
scikit-learn-0.22.1/sklearn/tree/tests/
scikit-learn-0.22.1/sklearn/tree/tests/__init__.py
scikit-learn-0.22.1/sklearn/tree/tests/test_export.py
scikit-learn-0.22.1/sklearn/tree/tests/test_reingold_tilford.py
scikit-learn-0.22.1/sklearn/tree/tests/test_tree.py
scikit-learn-0.22.1/sklearn/utils/
scikit-learn-0.22.1/sklearn/utils/__init__.py
scikit-learn-0.22.1/sklearn/utils/_cython_blas.pxd
scikit-learn-0.22.1/sklearn/utils/_cython_blas.pyx
scikit-learn-0.22.1/sklearn/utils/_fast_dict.pxd
scikit-learn-0.22.1/sklearn/utils/_fast_dict.pyx
scikit-learn-0.22.1/sklearn/utils/_joblib.py
scikit-learn-0.22.1/sklearn/utils/_logistic_sigmoid.pyx
scikit-learn-0.22.1/sklearn/utils/_mask.py
scikit-learn-0.22.1/sklearn/utils/_mocking.py
scikit-learn-0.22.1/sklearn/utils/_openmp_helpers.pyx
scikit-learn-0.22.1/sklearn/utils/_pprint.py
scikit-learn-0.22.1/sklearn/utils/_random.pxd
scikit-learn-0.22.1/sklearn/utils/_random.pyx
scikit-learn-0.22.1/sklearn/utils/_seq_dataset.pxd.tp
scikit-learn-0.22.1/sklearn/utils/_seq_dataset.pyx.tp
scikit-learn-0.22.1/sklearn/utils/_show_versions.py
scikit-learn-0.22.1/sklearn/utils/_testing.py
scikit-learn-0.22.1/sklearn/utils/_weight_vector.pxd
scikit-learn-0.22.1/sklearn/utils/_weight_vector.pyx
scikit-learn-0.22.1/sklearn/utils/arrayfuncs.pyx
scikit-learn-0.22.1/sklearn/utils/class_weight.py
scikit-learn-0.22.1/sklearn/utils/deprecation.py
scikit-learn-0.22.1/sklearn/utils/estimator_checks.py
scikit-learn-0.22.1/sklearn/utils/extmath.py
scikit-learn-0.22.1/sklearn/utils/fixes.py
scikit-learn-0.22.1/sklearn/utils/graph.py
scikit-learn-0.22.1/sklearn/utils/graph_shortest_path.pyx
scikit-learn-0.22.1/sklearn/utils/linear_assignment_.py
scikit-learn-0.22.1/sklearn/utils/metaestimators.py
scikit-learn-0.22.1/sklearn/utils/multiclass.py
scikit-learn-0.22.1/sklearn/utils/murmurhash.pxd
scikit-learn-0.22.1/sklearn/utils/murmurhash.pyx
scikit-learn-0.22.1/sklearn/utils/optimize.py
scikit-learn-0.22.1/sklearn/utils/random.py
scikit-learn-0.22.1/sklearn/utils/setup.py
scikit-learn-0.22.1/sklearn/utils/sparsefuncs.py
scikit-learn-0.22.1/sklearn/utils/sparsefuncs_fast.pyx
scikit-learn-0.22.1/sklearn/utils/src/
scikit-learn-0.22.1/sklearn/utils/src/MurmurHash3.cpp
scikit-learn-0.22.1/sklearn/utils/src/MurmurHash3.h
scikit-learn-0.22.1/sklearn/utils/stats.py
scikit-learn-0.22.1/sklearn/utils/tests/
scikit-learn-0.22.1/sklearn/utils/tests/__init__.py
scikit-learn-0.22.1/sklearn/utils/tests/test_class_weight.py
scikit-learn-0.22.1/sklearn/utils/tests/test_cython_blas.py
scikit-learn-0.22.1/sklearn/utils/tests/test_deprecated_utils.py
scikit-learn-0.22.1/sklearn/utils/tests/test_deprecation.py
scikit-learn-0.22.1/sklearn/utils/tests/test_estimator_checks.py
scikit-learn-0.22.1/sklearn/utils/tests/test_extmath.py
scikit-learn-0.22.1/sklearn/utils/tests/test_fast_dict.py
scikit-learn-0.22.1/sklearn/utils/tests/test_fixes.py
scikit-learn-0.22.1/sklearn/utils/tests/test_linear_assignment.py
scikit-learn-0.22.1/sklearn/utils/tests/test_metaestimators.py
scikit-learn-0.22.1/sklearn/utils/tests/test_multiclass.py
scikit-learn-0.22.1/sklearn/utils/tests/test_murmurhash.py
scikit-learn-0.22.1/sklearn/utils/tests/test_optimize.py
scikit-learn-0.22.1/sklearn/utils/tests/test_pprint.py
scikit-learn-0.22.1/sklearn/utils/tests/test_random.py
scikit-learn-0.22.1/sklearn/utils/tests/test_seq_dataset.py
scikit-learn-0.22.1/sklearn/utils/tests/test_shortest_path.py
scikit-learn-0.22.1/sklearn/utils/tests/test_show_versions.py
scikit-learn-0.22.1/sklearn/utils/tests/test_sparsefuncs.py
scikit-learn-0.22.1/sklearn/utils/tests/test_testing.py
scikit-learn-0.22.1/sklearn/utils/tests/test_utils.py
scikit-learn-0.22.1/sklearn/utils/tests/test_validation.py
scikit-learn-0.22.1/sklearn/utils/validation.py
